This is pdfTeX, Version 3.14159265-2.6-1.40.20 (TeX Live 2019) (preloaded format=pdflatex 2019.5.8)  12 AUG 2019 21:35
entering extended mode
 restricted \write18 enabled.
 %&-line parsing enabled.
**\def\solutions{1} \input{ps3}
(./ps3.tex (./macros.tex
(/usr/local/texlive/2019/texmf-dist/tex/latex/base/article.cls
Document Class: article 2018/09/03 v1.4i Standard LaTeX document class
(/usr/local/texlive/2019/texmf-dist/tex/latex/base/size10.clo
File: size10.clo 2018/09/03 v1.4i Standard LaTeX file (size option)
)
\c@part=\count80
\c@section=\count81
\c@subsection=\count82
\c@subsubsection=\count83
\c@paragraph=\count84
\c@subparagraph=\count85
\c@figure=\count86
\c@table=\count87
\abovecaptionskip=\skip41
\belowcaptionskip=\skip42
\bibindent=\dimen102
)
(/usr/local/texlive/2019/texmf-dist/tex/latex/graphics/graphicx.sty
Package: graphicx 2017/06/01 v1.1a Enhanced LaTeX Graphics (DPC,SPQR)

(/usr/local/texlive/2019/texmf-dist/tex/latex/graphics/keyval.sty
Package: keyval 2014/10/28 v1.15 key=value parser (DPC)
\KV@toks@=\toks14
)
(/usr/local/texlive/2019/texmf-dist/tex/latex/graphics/graphics.sty
Package: graphics 2017/06/25 v1.2c Standard LaTeX Graphics (DPC,SPQR)

(/usr/local/texlive/2019/texmf-dist/tex/latex/graphics/trig.sty
Package: trig 2016/01/03 v1.10 sin cos tan (DPC)
)
(/usr/local/texlive/2019/texmf-dist/tex/latex/graphics-cfg/graphics.cfg
File: graphics.cfg 2016/06/04 v1.11 sample graphics configuration
)
Package graphics Info: Driver file: pdftex.def on input line 99.

(/usr/local/texlive/2019/texmf-dist/tex/latex/graphics-def/pdftex.def
File: pdftex.def 2018/01/08 v1.0l Graphics/color driver for pdftex
))
\Gin@req@height=\dimen103
\Gin@req@width=\dimen104
)
(/usr/local/texlive/2019/texmf-dist/tex/latex/caption/caption.sty
Package: caption 2018/10/06 v3.3-154 Customizing captions (AR)

(/usr/local/texlive/2019/texmf-dist/tex/latex/caption/caption3.sty
Package: caption3 2018/09/12 v1.8c caption3 kernel (AR)
Package caption3 Info: TeX engine: e-TeX on input line 64.
\captionmargin=\dimen105
\captionmargin@=\dimen106
\captionwidth=\dimen107
\caption@tempdima=\dimen108
\caption@indent=\dimen109
\caption@parindent=\dimen110
\caption@hangindent=\dimen111
)
\c@caption@flags=\count88
\c@ContinuedFloat=\count89
)
(/usr/local/texlive/2019/texmf-dist/tex/latex/enumitem/enumitem.sty
Package: enumitem 2019/02/04 v3.8 Customized lists
\labelindent=\skip43
\enit@outerparindent=\dimen112
\enit@toks=\toks15
\enit@inbox=\box27
\enit@count@id=\count90
\enitdp@description=\count91
)
(/usr/local/texlive/2019/texmf-dist/tex/latex/oberdiek/epstopdf.sty
Package: epstopdf 2016/05/15 v2.6 Conversion with epstopdf on the fly (HO)

(/usr/local/texlive/2019/texmf-dist/tex/latex/oberdiek/epstopdf-base.sty
Package: epstopdf-base 2016/05/15 v2.6 Base part for package epstopdf

(/usr/local/texlive/2019/texmf-dist/tex/generic/oberdiek/infwarerr.sty
Package: infwarerr 2016/05/16 v1.4 Providing info/warning/error messages (HO)
)
(/usr/local/texlive/2019/texmf-dist/tex/latex/oberdiek/grfext.sty
Package: grfext 2016/05/16 v1.2 Manage graphics extensions (HO)

(/usr/local/texlive/2019/texmf-dist/tex/generic/oberdiek/kvdefinekeys.sty
Package: kvdefinekeys 2016/05/16 v1.4 Define keys (HO)

(/usr/local/texlive/2019/texmf-dist/tex/generic/oberdiek/ltxcmds.sty
Package: ltxcmds 2016/05/16 v1.23 LaTeX kernel commands for general use (HO)
)))
(/usr/local/texlive/2019/texmf-dist/tex/latex/oberdiek/kvoptions.sty
Package: kvoptions 2016/05/16 v3.12 Key value format for package options (HO)

(/usr/local/texlive/2019/texmf-dist/tex/generic/oberdiek/kvsetkeys.sty
Package: kvsetkeys 2016/05/16 v1.17 Key value parser (HO)

(/usr/local/texlive/2019/texmf-dist/tex/generic/oberdiek/etexcmds.sty
Package: etexcmds 2016/05/16 v1.6 Avoid name clashes with e-TeX commands (HO)

(/usr/local/texlive/2019/texmf-dist/tex/generic/oberdiek/ifluatex.sty
Package: ifluatex 2016/05/16 v1.4 Provides the ifluatex switch (HO)
Package ifluatex Info: LuaTeX not detected.
))))
(/usr/local/texlive/2019/texmf-dist/tex/generic/oberdiek/pdftexcmds.sty
Package: pdftexcmds 2018/09/10 v0.29 Utility functions of pdfTeX for LuaTeX (HO
)

(/usr/local/texlive/2019/texmf-dist/tex/generic/oberdiek/ifpdf.sty
Package: ifpdf 2018/09/07 v3.3 Provides the ifpdf switch
)
Package pdftexcmds Info: LuaTeX not detected.
Package pdftexcmds Info: \pdf@primitive is available.
Package pdftexcmds Info: \pdf@ifprimitive is available.
Package pdftexcmds Info: \pdfdraftmode found.
)
Package epstopdf-base Info: Redefining graphics rule for `.eps' on input line 4
38.
Package grfext Info: Graphics extension search list:
(grfext)             [.pdf,.png,.jpg,.mps,.jpeg,.jbig2,.jb2,.PDF,.PNG,.JPG,.JPE
G,.JBIG2,.JB2,.eps]
(grfext)             \AppendGraphicsExtensions on input line 456.

(/usr/local/texlive/2019/texmf-dist/tex/latex/latexconfig/epstopdf-sys.cfg
File: epstopdf-sys.cfg 2010/07/13 v1.3 Configuration of (r)epstopdf for TeX Liv
e
)))
(/usr/local/texlive/2019/texmf-dist/tex/latex/caption/subcaption.sty
Package: subcaption 2018/05/01 v1.1-162 Sub-captions (AR)
\c@subfigure=\count92
\c@subtable=\count93
)
(/usr/local/texlive/2019/texmf-dist/tex/latex/psfrag/psfrag.sty
Package: psfrag 1998/04/11 v3.04 PSfrag (MCG)
\pfg@pcount=\count94
\pfg@scount=\count95
\pfg@temp=\write3
)
(/usr/local/texlive/2019/texmf-dist/tex/latex/amsmath/amsmath.sty
Package: amsmath 2018/12/01 v2.17b AMS math features
\@mathmargin=\skip44

For additional information on amsmath, use the `?' option.
(/usr/local/texlive/2019/texmf-dist/tex/latex/amsmath/amstext.sty
Package: amstext 2000/06/29 v2.01 AMS text

(/usr/local/texlive/2019/texmf-dist/tex/latex/amsmath/amsgen.sty
File: amsgen.sty 1999/11/30 v2.0 generic functions
\@emptytoks=\toks16
\ex@=\dimen113
))
(/usr/local/texlive/2019/texmf-dist/tex/latex/amsmath/amsbsy.sty
Package: amsbsy 1999/11/29 v1.2d Bold Symbols
\pmbraise@=\dimen114
)
(/usr/local/texlive/2019/texmf-dist/tex/latex/amsmath/amsopn.sty
Package: amsopn 2016/03/08 v2.02 operator names
)
\inf@bad=\count96
LaTeX Info: Redefining \frac on input line 223.
\uproot@=\count97
\leftroot@=\count98
LaTeX Info: Redefining \overline on input line 385.
\classnum@=\count99
\DOTSCASE@=\count100
LaTeX Info: Redefining \ldots on input line 482.
LaTeX Info: Redefining \dots on input line 485.
LaTeX Info: Redefining \cdots on input line 606.
\Mathstrutbox@=\box28
\strutbox@=\box29
\big@size=\dimen115
LaTeX Font Info:    Redeclaring font encoding OML on input line 729.
LaTeX Font Info:    Redeclaring font encoding OMS on input line 730.
\macc@depth=\count101
\c@MaxMatrixCols=\count102
\dotsspace@=\muskip10
\c@parentequation=\count103
\dspbrk@lvl=\count104
\tag@help=\toks17
\row@=\count105
\column@=\count106
\maxfields@=\count107
\andhelp@=\toks18
\eqnshift@=\dimen116
\alignsep@=\dimen117
\tagshift@=\dimen118
\tagwidth@=\dimen119
\totwidth@=\dimen120
\lineht@=\dimen121
\@envbody=\toks19
\multlinegap=\skip45
\multlinetaggap=\skip46
\mathdisplay@stack=\toks20
LaTeX Info: Redefining \[ on input line 2844.
LaTeX Info: Redefining \] on input line 2845.
)
(/usr/local/texlive/2019/texmf-dist/tex/latex/amsfonts/amssymb.sty
Package: amssymb 2013/01/14 v3.01 AMS font symbols

(/usr/local/texlive/2019/texmf-dist/tex/latex/amsfonts/amsfonts.sty
Package: amsfonts 2013/01/14 v3.01 Basic AMSFonts support
\symAMSa=\mathgroup4
\symAMSb=\mathgroup5
LaTeX Font Info:    Overwriting math alphabet `\mathfrak' in version `bold'
(Font)                  U/euf/m/n --> U/euf/b/n on input line 106.
))
(/usr/local/texlive/2019/texmf-dist/tex/generic/epsf/epsf.sty
This is `epsf.tex' v2.7.4 <14 February 2011>
\epsffilein=\read1
\epsfframemargin=\dimen122
\epsfframethickness=\dimen123
\epsfrsize=\dimen124
\epsftmp=\dimen125
\epsftsize=\dimen126
\epsfxsize=\dimen127
\epsfysize=\dimen128
\pspoints=\dimen129
) (/usr/local/texlive/2019/texmf-dist/tex/latex/tools/verbatim.sty
Package: verbatim 2014/10/28 v1.5q LaTeX2e package for verbatim enhancements
\every@verbatim=\toks21
\verbatim@line=\toks22
\verbatim@in@stream=\read2
)
(/usr/local/texlive/2019/texmf-dist/tex/latex/url/url.sty
\Urlmuskip=\muskip11
Package: url 2013/09/16  ver 3.4  Verb mode for urls, etc.
)
(/usr/local/texlive/2019/texmf-dist/tex/latex/graphics/color.sty
Package: color 2016/07/10 v1.1e Standard LaTeX Color (DPC)

(/usr/local/texlive/2019/texmf-dist/tex/latex/graphics-cfg/color.cfg
File: color.cfg 2016/01/02 v1.6 sample color configuration
)
Package color Info: Driver file: pdftex.def on input line 147.
)
(/usr/local/texlive/2019/texmf-dist/tex/latex/bbm-macros/bbm.sty
Package: bbm 1999/03/15 V 1.2 provides fonts for set symbols - TH
LaTeX Font Info:    Overwriting math alphabet `\mathbbm' in version `bold'
(Font)                  U/bbm/m/n --> U/bbm/bx/n on input line 33.
LaTeX Font Info:    Overwriting math alphabet `\mathbbmss' in version `bold'
(Font)                  U/bbmss/m/n --> U/bbmss/bx/n on input line 35.
)
(/usr/local/texlive/2019/texmf-dist/tex/latex/listings/listings.sty
\lst@mode=\count108
\lst@gtempboxa=\box30
\lst@token=\toks23
\lst@length=\count109
\lst@currlwidth=\dimen130
\lst@column=\count110
\lst@pos=\count111
\lst@lostspace=\dimen131
\lst@width=\dimen132
\lst@newlines=\count112
\lst@lineno=\count113
\lst@maxwidth=\dimen133

(/usr/local/texlive/2019/texmf-dist/tex/latex/listings/lstmisc.sty
File: lstmisc.sty 2019/02/27 1.8b (Carsten Heinz)
\c@lstnumber=\count114
\lst@skipnumbers=\count115
\lst@framebox=\box31
)
(/usr/local/texlive/2019/texmf-dist/tex/latex/listings/listings.cfg
File: listings.cfg 2019/02/27 1.8b listings configuration
))
Package: listings 2019/02/27 1.8b (Carsten Heinz)

(/usr/local/texlive/2019/texmf-dist/tex/latex/setspace/setspace.sty
Package: setspace 2011/12/19 v6.7a set line spacing
)
(/usr/local/texlive/2019/texmf-dist/tex/latex/float/float.sty
Package: float 2001/11/08 v1.3d Float enhancements (AL)
\c@float@type=\count116
\float@exts=\toks24
\float@box=\box32
\@float@everytoks=\toks25
\@floatcapt=\box33
)
(/usr/local/texlive/2019/texmf-dist/tex/latex/pgf/frontendlayer/tikz.sty
(/usr/local/texlive/2019/texmf-dist/tex/latex/pgf/basiclayer/pgf.sty
(/usr/local/texlive/2019/texmf-dist/tex/latex/pgf/utilities/pgfrcs.sty
(/usr/local/texlive/2019/texmf-dist/tex/generic/pgf/utilities/pgfutil-common.te
x
\pgfutil@everybye=\toks26
\pgfutil@tempdima=\dimen134
\pgfutil@tempdimb=\dimen135

(/usr/local/texlive/2019/texmf-dist/tex/generic/pgf/utilities/pgfutil-common-li
sts.tex))
(/usr/local/texlive/2019/texmf-dist/tex/generic/pgf/utilities/pgfutil-latex.def
\pgfutil@abb=\box34
(/usr/local/texlive/2019/texmf-dist/tex/latex/ms/everyshi.sty
Package: everyshi 2001/05/15 v3.00 EveryShipout Package (MS)
))
(/usr/local/texlive/2019/texmf-dist/tex/generic/pgf/utilities/pgfrcs.code.tex
(/usr/local/texlive/2019/texmf-dist/tex/generic/pgf/pgf.revision.tex)
Package: pgfrcs 2019/04/04 v3.1.2 (3.1.2)
))
Package: pgf 2019/04/04 v3.1.2 (3.1.2)

(/usr/local/texlive/2019/texmf-dist/tex/latex/pgf/basiclayer/pgfcore.sty
(/usr/local/texlive/2019/texmf-dist/tex/latex/pgf/systemlayer/pgfsys.sty
(/usr/local/texlive/2019/texmf-dist/tex/generic/pgf/systemlayer/pgfsys.code.tex
Package: pgfsys 2019/04/04 v3.1.2 (3.1.2)
(/usr/local/texlive/2019/texmf-dist/tex/generic/pgf/utilities/pgfkeys.code.tex
\pgfkeys@pathtoks=\toks27
\pgfkeys@temptoks=\toks28

(/usr/local/texlive/2019/texmf-dist/tex/generic/pgf/utilities/pgfkeysfiltered.c
ode.tex
\pgfkeys@tmptoks=\toks29
))
\pgf@x=\dimen136
\pgf@y=\dimen137
\pgf@xa=\dimen138
\pgf@ya=\dimen139
\pgf@xb=\dimen140
\pgf@yb=\dimen141
\pgf@xc=\dimen142
\pgf@yc=\dimen143
\w@pgf@writea=\write4
\r@pgf@reada=\read3
\c@pgf@counta=\count117
\c@pgf@countb=\count118
\c@pgf@countc=\count119
\c@pgf@countd=\count120
\t@pgf@toka=\toks30
\t@pgf@tokb=\toks31
\t@pgf@tokc=\toks32
\pgf@sys@id@count=\count121

(/usr/local/texlive/2019/texmf-dist/tex/generic/pgf/systemlayer/pgf.cfg
File: pgf.cfg 2019/04/04 v3.1.2 (3.1.2)
)
Driver file for pgf: pgfsys-pdftex.def

(/usr/local/texlive/2019/texmf-dist/tex/generic/pgf/systemlayer/pgfsys-pdftex.d
ef
File: pgfsys-pdftex.def 2019/04/04 v3.1.2 (3.1.2)

(/usr/local/texlive/2019/texmf-dist/tex/generic/pgf/systemlayer/pgfsys-common-p
df.def
File: pgfsys-common-pdf.def 2019/04/04 v3.1.2 (3.1.2)
)))
(/usr/local/texlive/2019/texmf-dist/tex/generic/pgf/systemlayer/pgfsyssoftpath.
code.tex
File: pgfsyssoftpath.code.tex 2019/04/04 v3.1.2 (3.1.2)
\pgfsyssoftpath@smallbuffer@items=\count122
\pgfsyssoftpath@bigbuffer@items=\count123
)
(/usr/local/texlive/2019/texmf-dist/tex/generic/pgf/systemlayer/pgfsysprotocol.
code.tex
File: pgfsysprotocol.code.tex 2019/04/04 v3.1.2 (3.1.2)
)) (/usr/local/texlive/2019/texmf-dist/tex/latex/xcolor/xcolor.sty
Package: xcolor 2016/05/11 v2.12 LaTeX color extensions (UK)

(/usr/local/texlive/2019/texmf-dist/tex/latex/graphics-cfg/color.cfg
File: color.cfg 2016/01/02 v1.6 sample color configuration
)
Package xcolor Info: Driver file: pdftex.def on input line 225.
LaTeX Info: Redefining \color on input line 709.
Package xcolor Info: Model `cmy' substituted by `cmy0' on input line 1348.
Package xcolor Info: Model `hsb' substituted by `rgb' on input line 1352.
Package xcolor Info: Model `RGB' extended on input line 1364.
Package xcolor Info: Model `HTML' substituted by `rgb' on input line 1366.
Package xcolor Info: Model `Hsb' substituted by `hsb' on input line 1367.
Package xcolor Info: Model `tHsb' substituted by `hsb' on input line 1368.
Package xcolor Info: Model `HSB' substituted by `hsb' on input line 1369.
Package xcolor Info: Model `Gray' substituted by `gray' on input line 1370.
Package xcolor Info: Model `wave' substituted by `hsb' on input line 1371.
)
(/usr/local/texlive/2019/texmf-dist/tex/generic/pgf/basiclayer/pgfcore.code.tex
Package: pgfcore 2019/04/04 v3.1.2 (3.1.2)
(/usr/local/texlive/2019/texmf-dist/tex/generic/pgf/math/pgfmath.code.tex
(/usr/local/texlive/2019/texmf-dist/tex/generic/pgf/math/pgfmathcalc.code.tex
(/usr/local/texlive/2019/texmf-dist/tex/generic/pgf/math/pgfmathutil.code.tex)
(/usr/local/texlive/2019/texmf-dist/tex/generic/pgf/math/pgfmathparser.code.tex
\pgfmath@dimen=\dimen144
\pgfmath@count=\count124
\pgfmath@box=\box35
\pgfmath@toks=\toks33
\pgfmath@stack@operand=\toks34
\pgfmath@stack@operation=\toks35
)
(/usr/local/texlive/2019/texmf-dist/tex/generic/pgf/math/pgfmathfunctions.code.
tex
(/usr/local/texlive/2019/texmf-dist/tex/generic/pgf/math/pgfmathfunctions.basic
.code.tex)
(/usr/local/texlive/2019/texmf-dist/tex/generic/pgf/math/pgfmathfunctions.trigo
nometric.code.tex)
(/usr/local/texlive/2019/texmf-dist/tex/generic/pgf/math/pgfmathfunctions.rando
m.code.tex)
(/usr/local/texlive/2019/texmf-dist/tex/generic/pgf/math/pgfmathfunctions.compa
rison.code.tex)
(/usr/local/texlive/2019/texmf-dist/tex/generic/pgf/math/pgfmathfunctions.base.
code.tex)
(/usr/local/texlive/2019/texmf-dist/tex/generic/pgf/math/pgfmathfunctions.round
.code.tex)
(/usr/local/texlive/2019/texmf-dist/tex/generic/pgf/math/pgfmathfunctions.misc.
code.tex)
(/usr/local/texlive/2019/texmf-dist/tex/generic/pgf/math/pgfmathfunctions.integ
erarithmetics.code.tex)))
(/usr/local/texlive/2019/texmf-dist/tex/generic/pgf/math/pgfmathfloat.code.tex
\c@pgfmathroundto@lastzeros=\count125
))
(/usr/local/texlive/2019/texmf-dist/tex/generic/pgf/basiclayer/pgfcorepoints.co
de.tex
File: pgfcorepoints.code.tex 2019/04/04 v3.1.2 (3.1.2)
\pgf@picminx=\dimen145
\pgf@picmaxx=\dimen146
\pgf@picminy=\dimen147
\pgf@picmaxy=\dimen148
\pgf@pathminx=\dimen149
\pgf@pathmaxx=\dimen150
\pgf@pathminy=\dimen151
\pgf@pathmaxy=\dimen152
\pgf@xx=\dimen153
\pgf@xy=\dimen154
\pgf@yx=\dimen155
\pgf@yy=\dimen156
\pgf@zx=\dimen157
\pgf@zy=\dimen158
)
(/usr/local/texlive/2019/texmf-dist/tex/generic/pgf/basiclayer/pgfcorepathconst
ruct.code.tex
File: pgfcorepathconstruct.code.tex 2019/04/04 v3.1.2 (3.1.2)
\pgf@path@lastx=\dimen159
\pgf@path@lasty=\dimen160
)
(/usr/local/texlive/2019/texmf-dist/tex/generic/pgf/basiclayer/pgfcorepathusage
.code.tex
File: pgfcorepathusage.code.tex 2019/04/04 v3.1.2 (3.1.2)
\pgf@shorten@end@additional=\dimen161
\pgf@shorten@start@additional=\dimen162
)
(/usr/local/texlive/2019/texmf-dist/tex/generic/pgf/basiclayer/pgfcorescopes.co
de.tex
File: pgfcorescopes.code.tex 2019/04/04 v3.1.2 (3.1.2)
\pgfpic=\box36
\pgf@hbox=\box37
\pgf@layerbox@main=\box38
\pgf@picture@serial@count=\count126
)
(/usr/local/texlive/2019/texmf-dist/tex/generic/pgf/basiclayer/pgfcoregraphicst
ate.code.tex
File: pgfcoregraphicstate.code.tex 2019/04/04 v3.1.2 (3.1.2)
\pgflinewidth=\dimen163
)
(/usr/local/texlive/2019/texmf-dist/tex/generic/pgf/basiclayer/pgfcoretransform
ations.code.tex
File: pgfcoretransformations.code.tex 2019/04/04 v3.1.2 (3.1.2)
\pgf@pt@x=\dimen164
\pgf@pt@y=\dimen165
\pgf@pt@temp=\dimen166
)
(/usr/local/texlive/2019/texmf-dist/tex/generic/pgf/basiclayer/pgfcorequick.cod
e.tex
File: pgfcorequick.code.tex 2019/04/04 v3.1.2 (3.1.2)
)
(/usr/local/texlive/2019/texmf-dist/tex/generic/pgf/basiclayer/pgfcoreobjects.c
ode.tex
File: pgfcoreobjects.code.tex 2019/04/04 v3.1.2 (3.1.2)
)
(/usr/local/texlive/2019/texmf-dist/tex/generic/pgf/basiclayer/pgfcorepathproce
ssing.code.tex
File: pgfcorepathprocessing.code.tex 2019/04/04 v3.1.2 (3.1.2)
)
(/usr/local/texlive/2019/texmf-dist/tex/generic/pgf/basiclayer/pgfcorearrows.co
de.tex
File: pgfcorearrows.code.tex 2019/04/04 v3.1.2 (3.1.2)
\pgfarrowsep=\dimen167
)
(/usr/local/texlive/2019/texmf-dist/tex/generic/pgf/basiclayer/pgfcoreshade.cod
e.tex
File: pgfcoreshade.code.tex 2019/04/04 v3.1.2 (3.1.2)
\pgf@max=\dimen168
\pgf@sys@shading@range@num=\count127
\pgf@shadingcount=\count128
)
(/usr/local/texlive/2019/texmf-dist/tex/generic/pgf/basiclayer/pgfcoreimage.cod
e.tex
File: pgfcoreimage.code.tex 2019/04/04 v3.1.2 (3.1.2)

(/usr/local/texlive/2019/texmf-dist/tex/generic/pgf/basiclayer/pgfcoreexternal.
code.tex
File: pgfcoreexternal.code.tex 2019/04/04 v3.1.2 (3.1.2)
\pgfexternal@startupbox=\box39
))
(/usr/local/texlive/2019/texmf-dist/tex/generic/pgf/basiclayer/pgfcorelayers.co
de.tex
File: pgfcorelayers.code.tex 2019/04/04 v3.1.2 (3.1.2)
)
(/usr/local/texlive/2019/texmf-dist/tex/generic/pgf/basiclayer/pgfcoretranspare
ncy.code.tex
File: pgfcoretransparency.code.tex 2019/04/04 v3.1.2 (3.1.2)
)
(/usr/local/texlive/2019/texmf-dist/tex/generic/pgf/basiclayer/pgfcorepatterns.
code.tex
File: pgfcorepatterns.code.tex 2019/04/04 v3.1.2 (3.1.2)
)
(/usr/local/texlive/2019/texmf-dist/tex/generic/pgf/basiclayer/pgfcorerdf.code.
tex
File: pgfcorerdf.code.tex 2019/04/04 v3.1.2 (3.1.2)
)))
(/usr/local/texlive/2019/texmf-dist/tex/generic/pgf/modules/pgfmoduleshapes.cod
e.tex
File: pgfmoduleshapes.code.tex 2019/04/04 v3.1.2 (3.1.2)
\pgfnodeparttextbox=\box40
)
(/usr/local/texlive/2019/texmf-dist/tex/generic/pgf/modules/pgfmoduleplot.code.
tex
File: pgfmoduleplot.code.tex 2019/04/04 v3.1.2 (3.1.2)
)
(/usr/local/texlive/2019/texmf-dist/tex/latex/pgf/compatibility/pgfcomp-version
-0-65.sty
Package: pgfcomp-version-0-65 2019/04/04 v3.1.2 (3.1.2)
\pgf@nodesepstart=\dimen169
\pgf@nodesepend=\dimen170
)
(/usr/local/texlive/2019/texmf-dist/tex/latex/pgf/compatibility/pgfcomp-version
-1-18.sty
Package: pgfcomp-version-1-18 2019/04/04 v3.1.2 (3.1.2)
))
(/usr/local/texlive/2019/texmf-dist/tex/latex/pgf/utilities/pgffor.sty
(/usr/local/texlive/2019/texmf-dist/tex/latex/pgf/utilities/pgfkeys.sty
(/usr/local/texlive/2019/texmf-dist/tex/generic/pgf/utilities/pgfkeys.code.tex)
) (/usr/local/texlive/2019/texmf-dist/tex/latex/pgf/math/pgfmath.sty
(/usr/local/texlive/2019/texmf-dist/tex/generic/pgf/math/pgfmath.code.tex))
(/usr/local/texlive/2019/texmf-dist/tex/generic/pgf/utilities/pgffor.code.tex
Package: pgffor 2019/04/04 v3.1.2 (3.1.2)

(/usr/local/texlive/2019/texmf-dist/tex/generic/pgf/math/pgfmath.code.tex)
\pgffor@iter=\dimen171
\pgffor@skip=\dimen172
\pgffor@stack=\toks36
\pgffor@toks=\toks37
))
(/usr/local/texlive/2019/texmf-dist/tex/generic/pgf/frontendlayer/tikz/tikz.cod
e.tex
Package: tikz 2019/04/04 v3.1.2 (3.1.2)

(/usr/local/texlive/2019/texmf-dist/tex/generic/pgf/libraries/pgflibraryplothan
dlers.code.tex
File: pgflibraryplothandlers.code.tex 2019/04/04 v3.1.2 (3.1.2)
\pgf@plot@mark@count=\count129
\pgfplotmarksize=\dimen173
)
\tikz@lastx=\dimen174
\tikz@lasty=\dimen175
\tikz@lastxsaved=\dimen176
\tikz@lastysaved=\dimen177
\tikzleveldistance=\dimen178
\tikzsiblingdistance=\dimen179
\tikz@figbox=\box41
\tikz@figbox@bg=\box42
\tikz@tempbox=\box43
\tikz@tempbox@bg=\box44
\tikztreelevel=\count130
\tikznumberofchildren=\count131
\tikznumberofcurrentchild=\count132
\tikz@fig@count=\count133

(/usr/local/texlive/2019/texmf-dist/tex/generic/pgf/modules/pgfmodulematrix.cod
e.tex
File: pgfmodulematrix.code.tex 2019/04/04 v3.1.2 (3.1.2)
\pgfmatrixcurrentrow=\count134
\pgfmatrixcurrentcolumn=\count135
\pgf@matrix@numberofcolumns=\count136
)
\tikz@expandcount=\count137

(/usr/local/texlive/2019/texmf-dist/tex/generic/pgf/frontendlayer/tikz/librarie
s/tikzlibrarytopaths.code.tex
File: tikzlibrarytopaths.code.tex 2019/04/04 v3.1.2 (3.1.2)
)))
(/usr/local/texlive/2019/texmf-dist/tex/latex/bbding/bbding.sty
Package: bbding 1999/04/15 v1.01 Dingbats symbols
)
(/usr/local/texlive/2019/texmf-dist/tex/latex/psnfss/pifont.sty
Package: pifont 2005/04/12 PSNFSS-v9.2a Pi font support (SPQR) 
LaTeX Font Info:    Try loading font information for U+pzd on input line 63.

(/usr/local/texlive/2019/texmf-dist/tex/latex/psnfss/upzd.fd
File: upzd.fd 2001/06/04 font definitions for U/pzd.
)
LaTeX Font Info:    Try loading font information for U+psy on input line 64.

(/usr/local/texlive/2019/texmf-dist/tex/latex/psnfss/upsy.fd
File: upsy.fd 2001/06/04 font definitions for U/psy.
))
(/usr/local/texlive/2019/texmf-dist/tex/latex/wasysym/wasysym.sty
Package: wasysym 2003/10/30 v2.0 Wasy-2 symbol support package
\symwasy=\mathgroup6
LaTeX Font Info:    Overwriting symbol font `wasy' in version `bold'
(Font)                  U/wasy/m/n --> U/wasy/b/n on input line 90.
))
(./ps3-sol.aux)
\openout1 = `ps3-sol.aux'.

LaTeX Font Info:    Checking defaults for OML/cmm/m/it on input line 13.
LaTeX Font Info:    ... okay on input line 13.
LaTeX Font Info:    Checking defaults for T1/cmr/m/n on input line 13.
LaTeX Font Info:    ... okay on input line 13.
LaTeX Font Info:    Checking defaults for OT1/cmr/m/n on input line 13.
LaTeX Font Info:    ... okay on input line 13.
LaTeX Font Info:    Checking defaults for OMS/cmsy/m/n on input line 13.
LaTeX Font Info:    ... okay on input line 13.
LaTeX Font Info:    Checking defaults for OMX/cmex/m/n on input line 13.
LaTeX Font Info:    ... okay on input line 13.
LaTeX Font Info:    Checking defaults for U/cmr/m/n on input line 13.
LaTeX Font Info:    ... okay on input line 13.

(/usr/local/texlive/2019/texmf-dist/tex/context/base/mkii/supp-pdf.mkii
[Loading MPS to PDF converter (version 2006.09.02).]
\scratchcounter=\count138
\scratchdimen=\dimen180
\scratchbox=\box45
\nofMPsegments=\count139
\nofMParguments=\count140
\everyMPshowfont=\toks38
\MPscratchCnt=\count141
\MPscratchDim=\dimen181
\MPnumerator=\count142
\makeMPintoPDFobject=\count143
\everyMPtoPDFconversion=\toks39
)
Package caption Info: Begin \AtBeginDocument code.
Package caption Info: float package is loaded.
Package caption Info: listings package is loaded.
Package caption Info: End \AtBeginDocument code.
\c@lstlisting=\count144
 ABD: EveryShipout initializing macros
Underfull \hbox (badness 10000) in paragraph at lines 18--25

 []

(./00-instructions/00-main.tex (./00-instructions/01-general.tex
LaTeX Font Info:    Try loading font information for U+msa on input line 4.

(/usr/local/texlive/2019/texmf-dist/tex/latex/amsfonts/umsa.fd
File: umsa.fd 2013/01/14 v3.01 AMS symbols A
)
LaTeX Font Info:    Try loading font information for U+msb on input line 4.

(/usr/local/texlive/2019/texmf-dist/tex/latex/amsfonts/umsb.fd
File: umsb.fd 2013/01/14 v3.01 AMS symbols B
)
LaTeX Font Info:    Try loading font information for U+wasy on input line 4.

(/usr/local/texlive/2019/texmf-dist/tex/latex/wasysym/uwasy.fd
File: uwasy.fd 2003/10/30 v2.0 Wasy-2 symbol font definitions
))
(./00-instructions/02-submission.tex)) [1
Non-PDF special ignored!
<special> header=psfrag.pro
{/usr/local/texlive/2019/texmf-var/fonts/map/pdftex/updmap/pdftex.map}

]
(./cartpole/00-main.tex
Package epstopdf Info: Source file: <cartpole/cart_pole.eps>
(epstopdf)                    date: 2019-07-11 17:44:58
(epstopdf)                    size: 7835 bytes
(epstopdf)             Output file: <cartpole/cart_pole-eps-converted-to.pdf>
(epstopdf)                    date: 2019-07-26 17:08:22
(epstopdf)                    size: 4622 bytes
(epstopdf)             Command: <repstopdf --outfile=cartpole/cart_pole-eps-con
verted-to.pdf cartpole/cart_pole.eps>
(epstopdf)             \includegraphics on input line 22.
Package epstopdf Info: Output file is already uptodate.
<cartpole/cart_pole-eps-converted-to.pdf, id=15, 477.785pt x 377.41pt>
File: cartpole/cart_pole-eps-converted-to.pdf Graphic file (type pdf)
<use cartpole/cart_pole-eps-converted-to.pdf>
Package pdftex.def Info: cartpole/cart_pole-eps-converted-to.pdf  used on input
 line 22.
(pdftex.def)             Requested size: 170.71652pt x 134.84818pt.
 [2

 <./cartpole/cart_pole-eps-converted-to.pdf>]
LaTeX Font Info:    Try loading font information for OMS+cmr on input line 104.


(/usr/local/texlive/2019/texmf-dist/tex/latex/base/omscmr.fd
File: omscmr.fd 2014/09/29 v2.5h Standard LaTeX font definitions
)
LaTeX Font Info:    Font shape `OMS/cmr/m/n' in size <10> not available
(Font)              Font shape `OMS/cmsy/m/n' tried instead on input line 104.

(./cartpole/00-main-sol.tex

! LaTeX Error: Unknown float option `e'.

See the LaTeX manual or LaTeX Companion for explanation.
Type  H <return>  for immediate help.
 ...                                              
                                                  
l.3 \begin{figure}[here]
                         %  figure placement: here, top, bottom, or page
? R
OK, entering \nonstopmode...

! LaTeX Error: Unknown float option `r'.

See the LaTeX manual or LaTeX Companion for explanation.
Type  H <return>  for immediate help.
 ...                                              
                                                  
l.3 \begin{figure}[here]
                         %  figure placement: here, top, bottom, or page
Option `r' ignored and `p' used.


! LaTeX Error: Unknown float option `e'.

See the LaTeX manual or LaTeX Companion for explanation.
Type  H <return>  for immediate help.
 ...                                              
                                                  
l.3 \begin{figure}[here]
                         %  figure placement: here, top, bottom, or page
Option `e' ignored and `p' used.

<control6.pdf, id=30, 462.52798pt x 346.89601pt>
File: control6.pdf Graphic file (type pdf)
<use control6.pdf>
Package pdftex.def Info: control6.pdf  used on input line 5.
(pdftex.def)             Requested size: 433.62pt x 325.23009pt.

Overfull \hbox (16.35pt too wide) in paragraph at lines 5--6
 [][] 
 []

)) [3] [4 <./control6.pdf>] (./kl_divergence/00-main.tex [5

] [6]
(./kl_divergence/01-nonnegative.tex) (./kl_divergence/01-nonnegative_sol.tex)
(./kl_divergence/02-chain_rule.tex [7]) (./kl_divergence/02-chain_rule_sol.tex)
(./kl_divergence/03-max_likelihood.tex [8])
(./kl_divergence/03-max_likelihood_sol.tex

! Package inputenc Error: Unicode character ^^O (U+000F)
(inputenc)                not set up for use with LaTeX.

See the inputenc package documentation for explanation.
Type  H <return>  for immediate help.
 ...                                              
                                                  
l.12 ...e{argmin}} K L (\hat{P} \| P_{\theta}) ^^O
                                                  ^^P&=& \underset{\theta}{\...

You may provide a definition with
\DeclareUnicodeCharacter 


! Package inputenc Error: Unicode character ^^P (U+0010)
(inputenc)                not set up for use with LaTeX.

See the inputenc package documentation for explanation.
Type  H <return>  for immediate help.
 ...                                              
                                                  
l.12 ...rgmin}} K L (\hat{P} \| P_{\theta}) ^^O^^P
                                                  &=& \underset{\theta}{\ope...

You may provide a definition with
\DeclareUnicodeCharacter 

)) [9] (./k_means/00-main.tex
Overfull \hbox (24.62076pt too wide) in paragraph at lines 6--7
[]\OT1/cmr/m/n/10 We will be us-ing the files \OT1/cmtt/m/n/10 src/k[]means/pep
pers-small.tiff \OT1/cmr/m/n/10 and \OT1/cmtt/m/n/10 src/k[]means/peppers-large
.tiff\OT1/cmr/m/n/10 . 
 []

(./k_means/01-k_means_impl.tex
Overfull \hbox (24.063pt too wide) in paragraph at lines 16--17
\OT1/cmr/m/n/10 value of the clos-est clus-ter cen-troid from the set of cen-tr
oids com-puted with \OT1/cmtt/m/n/10 peppers-small.tiff\OT1/cmr/m/n/10 .
 []

) (./k_means/01-k_means_impl_sol.tex

! LaTeX Error: Unknown float option `e'.

See the LaTeX manual or LaTeX Companion for explanation.
Type  H <return>  for immediate help.
 ...                                              
                                                  
l.2 \begin{figure}[here]
                        
Option `e' ignored and `p' used.


! LaTeX Error: Unknown float option `r'.

See the LaTeX manual or LaTeX Companion for explanation.
Type  H <return>  for immediate help.
 ...                                              
                                                  
l.2 \begin{figure}[here]
                        
Option `r' ignored and `p' used.


! LaTeX Error: Unknown float option `e'.

See the LaTeX manual or LaTeX Companion for explanation.
Type  H <return>  for immediate help.
 ...                                              
                                                  
l.2 \begin{figure}[here]
                        
Option `e' ignored and `p' used.

<orig_large.png, id=91, 310.761pt x 312.9291pt>
File: orig_large.png Graphic file (type png)
<use orig_large.png>
Package pdftex.def Info: orig_large.png  used on input line 5.
(pdftex.def)             Requested size: 292.0877pt x 294.13428pt.
<updated_large.png, id=93, 310.761pt x 312.9291pt>
File: updated_large.png Graphic file (type png)
<use updated_large.png>
Package pdftex.def Info: updated_large.png  used on input line 10.
(pdftex.def)             Requested size: 292.0877pt x 294.13428pt.

LaTeX Warning: Float too large for page by 47.13356pt on input line 13.

) (./k_means/02-compression_factor.tex)
(./k_means/02-compression_factor_sol.tex)) [10

] [11 <./orig_large.png> <./updated_large.png>] (./semi_supervised_em/00-main.t
ex
(./semi_supervised_em/01-convergence.tex)
(./semi_supervised_em/01-convergence-sol.tex
! Misplaced alignment tab character &.
l.4 &
     &\text{the definition for the following observation}
I can't figure out why you would want to use a tab mark
here. If you just want an ampersand, the remedy is
simple: Just type `I\&' now. But if some right brace
up above has ended a previous alignment prematurely,
you're probably due for more error messages, and you
might try typing `S' now just to see what is salvageable.

! Misplaced alignment tab character &.
l.4 &&
      \text{the definition for the following observation}
I can't figure out why you would want to use a tab mark
here. If you just want an ampersand, the remedy is
simple: Just type `I\&' now. But if some right brace
up above has ended a previous alignment prematurely,
you're probably due for more error messages, and you
might try typing `S' now just to see what is salvageable.

[12

]
! Misplaced alignment tab character &.
l.5 \[\ell_{semi-sup}(\theta) &
                               =& \ell_{unsup}(\theta) + \alpha \ell_{sup}(\...
I can't figure out why you would want to use a tab mark
here. If you just want an ampersand, the remedy is
simple: Just type `I\&' now. But if some right brace
up above has ended a previous alignment prematurely,
you're probably due for more error messages, and you
might try typing `S' now just to see what is salvageable.

! Misplaced alignment tab character &.
l.5 \[\ell_{semi-sup}(\theta) &=&
                                  \ell_{unsup}(\theta) + \alpha \ell_{sup}(\...
I can't figure out why you would want to use a tab mark
here. If you just want an ampersand, the remedy is
simple: Just type `I\&' now. But if some right brace
up above has ended a previous alignment prematurely,
you're probably due for more error messages, and you
might try typing `S' now just to see what is salvageable.

! Misplaced alignment tab character &.
l.6 \[&
       =& \sum_{i=1}^n  \sum_{z^(i)}  log p(x^{(i)} , z^{(i)}; \theta)} + \a...
I can't figure out why you would want to use a tab mark
here. If you just want an ampersand, the remedy is
simple: Just type `I\&' now. But if some right brace
up above has ended a previous alignment prematurely,
you're probably due for more error messages, and you
might try typing `S' now just to see what is salvageable.

! Misplaced alignment tab character &.
l.6 \[&=&
          \sum_{i=1}^n  \sum_{z^(i)}  log p(x^{(i)} , z^{(i)}; \theta)} + \a...
I can't figure out why you would want to use a tab mark
here. If you just want an ampersand, the remedy is
simple: Just type `I\&' now. But if some right brace
up above has ended a previous alignment prematurely,
you're probably due for more error messages, and you
might try typing `S' now just to see what is salvageable.

! Extra }, or forgotten $.
l.6 ..._{z^(i)}  log p(x^{(i)} , z^{(i)}; \theta)}
                                                   + \alpha \ell_{sup}(\thet...
I've deleted a group-closing symbol because it seems to be
spurious, as in `$x}$'. But perhaps the } is legitimate and
you forgot something else, as in `\hbox{$x}'. In such cases
the way to recover is to insert both the forgotten and the
deleted material, e.g., by typing `I$}'.

! Misplaced alignment tab character &.
l.7 &
     &\text{By Jensen's Inequality}
I can't figure out why you would want to use a tab mark
here. If you just want an ampersand, the remedy is
simple: Just type `I\&' now. But if some right brace
up above has ended a previous alignment prematurely,
you're probably due for more error messages, and you
might try typing `S' now just to see what is salvageable.

! Misplaced alignment tab character &.
l.7 &&
      \text{By Jensen's Inequality}
I can't figure out why you would want to use a tab mark
here. If you just want an ampersand, the remedy is
simple: Just type `I\&' now. But if some right brace
up above has ended a previous alignment prematurely,
you're probably due for more error messages, and you
might try typing `S' now just to see what is salvageable.

! Misplaced alignment tab character &.
l.8 \[&
       \geq& \sum_{i=1}^n  \sum_{z^(i)} Q_i^{(t)} (z^{(i)}) log \frac{p(x^{(...
I can't figure out why you would want to use a tab mark
here. If you just want an ampersand, the remedy is
simple: Just type `I\&' now. But if some right brace
up above has ended a previous alignment prematurely,
you're probably due for more error messages, and you
might try typing `S' now just to see what is salvageable.

! Misplaced alignment tab character &.
l.8 \[&\geq&
             \sum_{i=1}^n  \sum_{z^(i)} Q_i^{(t)} (z^{(i)}) log \frac{p(x^{(...
I can't figure out why you would want to use a tab mark
here. If you just want an ampersand, the remedy is
simple: Just type `I\&' now. But if some right brace
up above has ended a previous alignment prematurely,
you're probably due for more error messages, and you
might try typing `S' now just to see what is salvageable.

! Misplaced alignment tab character &.
l.9 &
     &\text{Under M-step}
I can't figure out why you would want to use a tab mark
here. If you just want an ampersand, the remedy is
simple: Just type `I\&' now. But if some right brace
up above has ended a previous alignment prematurely,
you're probably due for more error messages, and you
might try typing `S' now just to see what is salvageable.

! Misplaced alignment tab character &.
l.9 &&
      \text{Under M-step}
I can't figure out why you would want to use a tab mark
here. If you just want an ampersand, the remedy is
simple: Just type `I\&' now. But if some right brace
up above has ended a previous alignment prematurely,
you're probably due for more error messages, and you
might try typing `S' now just to see what is salvageable.

! Misplaced alignment tab character &.
l.10 \[&
        \geq& \sum_{i=1}^n  \sum_{z^(i)} Q_i^{(t)} (z^{(i)}) log \frac{p(x^{...
I can't figure out why you would want to use a tab mark
here. If you just want an ampersand, the remedy is
simple: Just type `I\&' now. But if some right brace
up above has ended a previous alignment prematurely,
you're probably due for more error messages, and you
might try typing `S' now just to see what is salvageable.

! Misplaced alignment tab character &.
l.10 \[&\geq&
              \sum_{i=1}^n  \sum_{z^(i)} Q_i^{(t)} (z^{(i)}) log \frac{p(x^{...
I can't figure out why you would want to use a tab mark
here. If you just want an ampersand, the remedy is
simple: Just type `I\&' now. But if some right brace
up above has ended a previous alignment prematurely,
you're probably due for more error messages, and you
might try typing `S' now just to see what is salvageable.

! Misplaced alignment tab character &.
l.11 \[&
        =& \ell_{unsup}(\theta^{(t)}) + \alpha \ell{sup}(\theta^{(t)}) \]
I can't figure out why you would want to use a tab mark
here. If you just want an ampersand, the remedy is
simple: Just type `I\&' now. But if some right brace
up above has ended a previous alignment prematurely,
you're probably due for more error messages, and you
might try typing `S' now just to see what is salvageable.

! Misplaced alignment tab character &.
l.11 \[&=&
           \ell_{unsup}(\theta^{(t)}) + \alpha \ell{sup}(\theta^{(t)}) \]
I can't figure out why you would want to use a tab mark
here. If you just want an ampersand, the remedy is
simple: Just type `I\&' now. But if some right brace
up above has ended a previous alignment prematurely,
you're probably due for more error messages, and you
might try typing `S' now just to see what is salvageable.

! Misplaced alignment tab character &.
l.12 \[&
        =& \ell(\theta^{(t)}) \]
I can't figure out why you would want to use a tab mark
here. If you just want an ampersand, the remedy is
simple: Just type `I\&' now. But if some right brace
up above has ended a previous alignment prematurely,
you're probably due for more error messages, and you
might try typing `S' now just to see what is salvageable.

! Misplaced alignment tab character &.
l.12 \[&=&
           \ell(\theta^{(t)}) \]
I can't figure out why you would want to use a tab mark
here. If you just want an ampersand, the remedy is
simple: Just type `I\&' now. But if some right brace
up above has ended a previous alignment prematurely,
you're probably due for more error messages, and you
might try typing `S' now just to see what is salvageable.

) (./semi_supervised_em/02-e-step.tex [13])
(./semi_supervised_em/02-e-step-sol.tex) (./semi_supervised_em/03-m-step.tex)
(./semi_supervised_em/03-m-step-sol.tex
! Double superscript.
l.3 \[ \phi^{(t+1)}, \mu^{(t+1)}, \Sigma^{-1}^
                                              {(t+1)} &=& arg \underset{\phi...
I treat `x^1^2' essentially like `x^1{}^2'.

! Misplaced alignment tab character &.
l.3 ...{(t+1)}, \mu^{(t+1)}, \Sigma^{-1}^{(t+1)} &
                                                  =& arg \underset{\phi, \mu...
I can't figure out why you would want to use a tab mark
here. If you just want an ampersand, the remedy is
simple: Just type `I\&' now. But if some right brace
up above has ended a previous alignment prematurely,
you're probably due for more error messages, and you
might try typing `S' now just to see what is salvageable.

! Misplaced alignment tab character &.
l.3 ...t+1)}, \mu^{(t+1)}, \Sigma^{-1}^{(t+1)} &=&
                                                   arg \underset{\phi, \mu, ...
I can't figure out why you would want to use a tab mark
here. If you just want an ampersand, the remedy is
simple: Just type `I\&' now. But if some right brace
up above has ended a previous alignment prematurely,
you're probably due for more error messages, and you
might try typing `S' now just to see what is salvageable.


Overfull \hbox (70.26166pt too wide) detected at line 3
\OML/cmm/m/it/10 ^^^[]; ^^V[]; \OT1/cmr/m/n/10 ^^F[][] = \OML/cmm/m/it/10 arg[]
 [] [] Q[]\OT1/cmr/m/n/10 (\OML/cmm/m/it/10 z[]\OT1/cmr/m/n/10 )\OML/cmm/m/it/1
0 log[] \OT1/cmr/m/n/10 + [] [] []
 []

[14]
! Misplaced alignment tab character &.
l.14 \[ \ell(\phi, \beta) &
                           =& \beta \sum_{j=1}^k \phi_j -1 \]
I can't figure out why you would want to use a tab mark
here. If you just want an ampersand, the remedy is
simple: Just type `I\&' now. But if some right brace
up above has ended a previous alignment prematurely,
you're probably due for more error messages, and you
might try typing `S' now just to see what is salvageable.

! Misplaced alignment tab character &.
l.14 \[ \ell(\phi, \beta) &=&
                              \beta \sum_{j=1}^k \phi_j -1 \]
I can't figure out why you would want to use a tab mark
here. If you just want an ampersand, the remedy is
simple: Just type `I\&' now. But if some right brace
up above has ended a previous alignment prematurely,
you're probably due for more error messages, and you
might try typing `S' now just to see what is salvageable.


! LaTeX Error: Bad math environment delimiter.

See the LaTeX manual or LaTeX Companion for explanation.
Type  H <return>  for immediate help.
 ...                                              
                                                  
l.28 ...partial \ell \mu} {\partial \mu_j} = -2 \(
                                                   \sum_{i=1}^n w_j^{(i)} (-...

Your command was ignored.
Type  I <command> <return>  to replace it with another command,
or  <return>  to continue without it.


! LaTeX Error: Bad math environment delimiter.

See the LaTeX manual or LaTeX Companion for explanation.
Type  H <return>  for immediate help.
 ...                                              
                                                  
l.28 ...}_j^{(i)} (-S \tilde{x}^{(i)} + S\mu_j )\)
                                                   \]
Your command was ignored.
Type  I <command> <return>  to replace it with another command,
or  <return>  to continue without it.


Overfull \hbox (28.8444pt too wide) detected at line 33
\OML/cmm/m/it/10 `\OT1/cmr/m/n/10 (\OML/cmm/m/it/10 S\OT1/cmr/m/n/10 ) = [] \OM
L/cmm/m/it/10 w[]\OT1/cmr/m/n/10 ([] [] \OMS/cmsy/m/n/10 ^^@ \OT1/cmr/m/n/10 (\
OML/cmm/m/it/10 x[] \OMS/cmsy/m/n/10 ^^@ \OML/cmm/m/it/10 ^^V[]\OT1/cmr/m/n/10 
)[]\OML/cmm/m/it/10 S[]\OT1/cmr/m/n/10 (\OML/cmm/m/it/10 x[] \OMS/cmsy/m/n/10 ^
^@ \OML/cmm/m/it/10 ^^V[]\OT1/cmr/m/n/10 )) + [] []([] [] \OMS/cmsy/m/n/10 ^^@ 
\OT1/cmr/m/n/10 ([] \OMS/cmsy/m/n/10 ^^@ \OML/cmm/m/it/10 ^^V[]\OT1/cmr/m/n/10 
)[]\OML/cmm/m/it/10 S[]\OT1/cmr/m/n/10 ([] \OMS/cmsy/m/n/10 ^^@ \OML/cmm/m/it/1
0 ^^V[]\OT1/cmr/m/n/10 )) + \OML/cmm/m/it/10 C
 []

[15]
Overfull \hbox (12.26456pt too wide) detected at line 36
\OT1/cmr/m/n/10 0 = \OMS/cmsy/m/n/10 ^^@ [] \OT1/cmr/m/n/10 + [] \OML/cmm/m/it/
10 S[]
 []


! Package inputenc Error: Unicode character ^^Y (U+0019)
(inputenc)                not set up for use with LaTeX.

See the inputenc package documentation for explanation.
Type  H <return>  for immediate help.
 ...                                              
                                                  
l.45 ^^Y
        
You may provide a definition with
\DeclareUnicodeCharacter 

) (./semi_supervised_em/04-impl-unsupervised.tex)
(./semi_supervised_em/04-impl-unsupervised-sol.tex

! LaTeX Error: Unknown float option `e'.

See the LaTeX manual or LaTeX Companion for explanation.
Type  H <return>  for immediate help.
 ...                                              
                                                  
l.3 \begin{figure} [here]
                         %  figure placement: here, top, bottom, or page
Option `e' ignored and `p' used.


! LaTeX Error: Unknown float option `r'.

See the LaTeX manual or LaTeX Companion for explanation.
Type  H <return>  for immediate help.
 ...                                              
                                                  
l.3 \begin{figure} [here]
                         %  figure placement: here, top, bottom, or page
Option `r' ignored and `p' used.


! LaTeX Error: Unknown float option `e'.

See the LaTeX manual or LaTeX Companion for explanation.
Type  H <return>  for immediate help.
 ...                                              
                                                  
l.3 \begin{figure} [here]
                         %  figure placement: here, top, bottom, or page
Option `e' ignored and `p' used.

<pred_0.pdf, id=118, 867.24pt x 578.16pt>
File: pred_0.pdf Graphic file (type pdf)
<use pred_0.pdf>
Package pdftex.def Info: pred_0.pdf  used on input line 4.
(pdftex.def)             Requested size: 289.07999pt x 192.71658pt.
<pred_1.pdf, id=119, 867.24pt x 578.16pt>
File: pred_1.pdf Graphic file (type pdf)
<use pred_1.pdf>
Package pdftex.def Info: pred_1.pdf  used on input line 5.
(pdftex.def)             Requested size: 289.07999pt x 192.71658pt.
<pred_2.pdf, id=120, 867.24pt x 578.16pt>
File: pred_2.pdf Graphic file (type pdf)
<use pred_2.pdf>
Package pdftex.def Info: pred_2.pdf  used on input line 6.
(pdftex.def)             Requested size: 289.07999pt x 192.71658pt.

Underfull \hbox (badness 10000) in paragraph at lines 4--7
[][]
 []


Underfull \hbox (badness 10000) in paragraph at lines 4--7
[]
 []

) (./semi_supervised_em/05-impl-semi-supervised.tex)
(./semi_supervised_em/05-impl-semi-supervised-sol.tex
<pred_ss_0.pdf, id=121, 867.24pt x 578.16pt>
File: pred_ss_0.pdf Graphic file (type pdf)
<use pred_ss_0.pdf>
Package pdftex.def Info: pred_ss_0.pdf  used on input line 4.
(pdftex.def)             Requested size: 289.07999pt x 192.71658pt.
<pred_ss_1.pdf, id=122, 867.24pt x 578.16pt>
File: pred_ss_1.pdf Graphic file (type pdf)
<use pred_ss_1.pdf>
Package pdftex.def Info: pred_ss_1.pdf  used on input line 5.
(pdftex.def)             Requested size: 289.07999pt x 192.71658pt.
<pred_ss_2.pdf, id=123, 867.24pt x 578.16pt>
File: pred_ss_2.pdf Graphic file (type pdf)
<use pred_ss_2.pdf>
Package pdftex.def Info: pred_ss_2.pdf  used on input line 6.
(pdftex.def)             Requested size: 289.07999pt x 192.71658pt.

Underfull \hbox (badness 10000) in paragraph at lines 4--7
[][]
 []


Underfull \hbox (badness 10000) in paragraph at lines 4--7
[]
 []

) (./semi_supervised_em/06-comparison.tex [16] [17 <./pred_0.pdf> <./pred_1.pdf


pdfTeX warning: pdflatex (file ./pred_1.pdf): PDF inclusion: multiple pdfs with
 page group included in a single page
> <./pred_2.pdf

pdfTeX warning: pdflatex (file ./pred_2.pdf): PDF inclusion: multiple pdfs with
 page group included in a single page
>] [18 <./pred_ss_0.pdf> <./pred_ss_1.pdf

pdfTeX warning: pdflatex (file ./pred_ss_1.pdf): PDF inclusion: multiple pdfs w
ith page group included in a single page
> <./pred_ss_2.pdf

pdfTeX warning: pdflatex (file ./pred_ss_2.pdf): PDF inclusion: multiple pdfs w
ith page group included in a single page
>]) (./semi_supervised_em/06-comparison-sol.tex

! Package inputenc Error: Unicode character ^^R (U+0012)
(inputenc)                not set up for use with LaTeX.

See the inputenc package documentation for explanation.
Type  H <return>  for immediate help.
 ...                                              
                                                  
l.21 ^^R
        
You may provide a definition with
\DeclareUnicodeCharacter 

)) [19] (./pca/00-main.tex (./pca/00-main-sol.tex
! Missing $ inserted.
<inserted text> 
                $
l.4 
    
I've inserted a begin-math/end-math symbol since I think
you left one out. Proceed, with fingers crossed.

! Missing } inserted.
<inserted text> 
                }
l.4 
    
I've inserted something that you may have forgotten.
(See the <inserted text> above.)
With luck, this will get me unwedged. But if you
really didn't forget anything, try typing `2' now; then
my insertion and my current dilemma will both disappear.

! Missing } inserted.
<inserted text> 
                }
l.4 
    
I've inserted something that you may have forgotten.
(See the <inserted text> above.)
With luck, this will get me unwedged. But if you
really didn't forget anything, try typing `2' now; then
my insertion and my current dilemma will both disappear.

! Missing } inserted.
<inserted text> 
                }
l.4 
    
I've inserted something that you may have forgotten.
(See the <inserted text> above.)
With luck, this will get me unwedged. But if you
really didn't forget anything, try typing `2' now; then
my insertion and my current dilemma will both disappear.

! Missing \cr inserted.
<inserted text> 
                \cr 
l.4 
    
I'm guessing that you meant to end an alignment here.

! Missing { inserted.
<inserted text> 
                {
l.4 
    
I've put in what seems to be necessary to fix
the current column of the current alignment.
Try to go on, since this might almost work.

! Missing $ inserted.
<inserted text> 
                $
l.4 
    
I've inserted a begin-math/end-math symbol since I think
you left one out. Proceed, with fingers crossed.

! Missing $$ inserted.
<to be read again> 
                   \@@par 
l.4 
    
Displays can use special alignments (like \eqalignno)
only if nothing but the alignment itself is between $$'s.

! Extra }, or forgotten \endgroup.
\@par ... \@noitemerr {\@@par }\fi \else {\@@par }
                                                  \fi 
l.4 
    
I've deleted a group-closing symbol because it seems to be
spurious, as in `$x}$'. But perhaps the } is legitimate and
you forgot something else, as in `\hbox{$x}'. In such cases
the way to recover is to insert both the forgotten and the
deleted material, e.g., by typing `I$}'.

! Missing $ inserted.
<inserted text> 
                $
l.5 arg \underset{u:u^T u=1}{\operatorname{min}}
                                                 \sum_{i=1}^n \parallel x^{(...
I've inserted a begin-math/end-math symbol since I think
you left one out. Proceed, with fingers crossed.

! Extra }, or forgotten $.
\underset ...{\mathop {\kern \z@ #2}\limits _{#1}}
                                                  
l.5 arg \underset{u:u^T u=1}{\operatorname{min}}
                                                 \sum_{i=1}^n \parallel x^{(...
I've deleted a group-closing symbol because it seems to be
spurious, as in `$x}$'. But perhaps the } is legitimate and
you forgot something else, as in `\hbox{$x}'. In such cases
the way to recover is to insert both the forgotten and the
deleted material, e.g., by typing `I$}'.

! Misplaced alignment tab character &.
\reserved@a ->&
                & &
l.6 
    
I can't figure out why you would want to use a tab mark
here. If you just want an ampersand, the remedy is
simple: Just type `I\&' now. But if some right brace
up above has ended a previous alignment prematurely,
you're probably due for more error messages, and you
might try typing `S' now just to see what is salvageable.

! Misplaced alignment tab character &.
\reserved@a ->& &
                  &
l.6 
    
I can't figure out why you would want to use a tab mark
here. If you just want an ampersand, the remedy is
simple: Just type `I\&' now. But if some right brace
up above has ended a previous alignment prematurely,
you're probably due for more error messages, and you
might try typing `S' now just to see what is salvageable.

! Misplaced alignment tab character &.
\reserved@a ->& & &
                   
l.6 
    
I can't figure out why you would want to use a tab mark
here. If you just want an ampersand, the remedy is
simple: Just type `I\&' now. But if some right brace
up above has ended a previous alignment prematurely,
you're probably due for more error messages, and you
might try typing `S' now just to see what is salvageable.

! Misplaced \cr.
\@@eqncr ...l \@eqnswtrue \global \@eqcnt \z@ \cr 
                                                  
l.6 
    
I can't figure out why you would want to use a tab mark
or \cr or \span just now. If something like a right brace
up above has ended a previous alignment prematurely,
you're probably due for more error messages, and you
might try typing `S' now just to see what is salvageable.

! Misplaced \noalign.
\@xeqncr [#1]->\ifnum 0=`{\fi }\@@eqncr \noalign 
                                                 {\penalty \@eqpen \vskip \j...
l.6 
    
I expect to see \noalign only after the \cr of
an alignment. Proceed, and I'll ignore this case.

! Missing $ inserted.
<inserted text> 
                $
l.6 
    
I've inserted a begin-math/end-math symbol since I think
you left one out. Proceed, with fingers crossed.

! Missing } inserted.
<inserted text> 
                }
l.6 
    
I've inserted something that you may have forgotten.
(See the <inserted text> above.)
With luck, this will get me unwedged. But if you
really didn't forget anything, try typing `2' now; then
my insertion and my current dilemma will both disappear.

! Misplaced alignment tab character &.
l.7 &
     =& arg \underset{u:u^T u=1}{\operatorname{min}} \sum_{i=1}^n \parallel ...
I can't figure out why you would want to use a tab mark
here. If you just want an ampersand, the remedy is
simple: Just type `I\&' now. But if some right brace
up above has ended a previous alignment prematurely,
you're probably due for more error messages, and you
might try typing `S' now just to see what is salvageable.

! Misplaced alignment tab character &.
l.7 &=&
        arg \underset{u:u^T u=1}{\operatorname{min}} \sum_{i=1}^n \parallel ...
I can't figure out why you would want to use a tab mark
here. If you just want an ampersand, the remedy is
simple: Just type `I\&' now. But if some right brace
up above has ended a previous alignment prematurely,
you're probably due for more error messages, and you
might try typing `S' now just to see what is salvageable.

! Missing $ inserted.
<inserted text> 
                $
l.7 ...rg \underset{u:u^T u=1}{\operatorname{min}}
                                                   \sum_{i=1}^n \parallel x^...
I've inserted a begin-math/end-math symbol since I think
you left one out. Proceed, with fingers crossed.

! Extra }, or forgotten $.
\underset ...{\mathop {\kern \z@ #2}\limits _{#1}}
                                                  
l.7 ...rg \underset{u:u^T u=1}{\operatorname{min}}
                                                   \sum_{i=1}^n \parallel x^...
I've deleted a group-closing symbol because it seems to be
spurious, as in `$x}$'. But perhaps the } is legitimate and
you forgot something else, as in `\hbox{$x}'. In such cases
the way to recover is to insert both the forgotten and the
deleted material, e.g., by typing `I$}'.

! Misplaced alignment tab character &.
\reserved@a ->&
                & &
l.8 &
     =& arg \underset{u:u^T u=1}{\operatorname{min}} \sum_{i=1}^n ( x^{(i)} ...
I can't figure out why you would want to use a tab mark
here. If you just want an ampersand, the remedy is
simple: Just type `I\&' now. But if some right brace
up above has ended a previous alignment prematurely,
you're probably due for more error messages, and you
might try typing `S' now just to see what is salvageable.

! Misplaced alignment tab character &.
\reserved@a ->& &
                  &
l.8 &
     =& arg \underset{u:u^T u=1}{\operatorname{min}} \sum_{i=1}^n ( x^{(i)} ...
I can't figure out why you would want to use a tab mark
here. If you just want an ampersand, the remedy is
simple: Just type `I\&' now. But if some right brace
up above has ended a previous alignment prematurely,
you're probably due for more error messages, and you
might try typing `S' now just to see what is salvageable.

! Misplaced alignment tab character &.
\reserved@a ->& & &
                   
l.8 &
     =& arg \underset{u:u^T u=1}{\operatorname{min}} \sum_{i=1}^n ( x^{(i)} ...
I can't figure out why you would want to use a tab mark
here. If you just want an ampersand, the remedy is
simple: Just type `I\&' now. But if some right brace
up above has ended a previous alignment prematurely,
you're probably due for more error messages, and you
might try typing `S' now just to see what is salvageable.

! Misplaced \cr.
\@@eqncr ...l \@eqnswtrue \global \@eqcnt \z@ \cr 
                                                  
l.8 &
     =& arg \underset{u:u^T u=1}{\operatorname{min}} \sum_{i=1}^n ( x^{(i)} ...
I can't figure out why you would want to use a tab mark
or \cr or \span just now. If something like a right brace
up above has ended a previous alignment prematurely,
you're probably due for more error messages, and you
might try typing `S' now just to see what is salvageable.

! Misplaced \noalign.
\@xeqncr [#1]->\ifnum 0=`{\fi }\@@eqncr \noalign 
                                                 {\penalty \@eqpen \vskip \j...
l.8 &
     =& arg \underset{u:u^T u=1}{\operatorname{min}} \sum_{i=1}^n ( x^{(i)} ...
I expect to see \noalign only after the \cr of
an alignment. Proceed, and I'll ignore this case.

! Missing $ inserted.
<inserted text> 
                $
l.8 &
     =& arg \underset{u:u^T u=1}{\operatorname{min}} \sum_{i=1}^n ( x^{(i)} ...
I've inserted a begin-math/end-math symbol since I think
you left one out. Proceed, with fingers crossed.

! Missing } inserted.
<inserted text> 
                }
l.8 &
     =& arg \underset{u:u^T u=1}{\operatorname{min}} \sum_{i=1}^n ( x^{(i)} ...
I've inserted something that you may have forgotten.
(See the <inserted text> above.)
With luck, this will get me unwedged. But if you
really didn't forget anything, try typing `2' now; then
my insertion and my current dilemma will both disappear.

! Misplaced alignment tab character &.
<recently read> &
                 
l.8 &
     =& arg \underset{u:u^T u=1}{\operatorname{min}} \sum_{i=1}^n ( x^{(i)} ...
I can't figure out why you would want to use a tab mark
here. If you just want an ampersand, the remedy is
simple: Just type `I\&' now. But if some right brace
up above has ended a previous alignment prematurely,
you're probably due for more error messages, and you
might try typing `S' now just to see what is salvageable.

! Misplaced alignment tab character &.
l.8 &=&
        arg \underset{u:u^T u=1}{\operatorname{min}} \sum_{i=1}^n ( x^{(i)} ...
I can't figure out why you would want to use a tab mark
here. If you just want an ampersand, the remedy is
simple: Just type `I\&' now. But if some right brace
up above has ended a previous alignment prematurely,
you're probably due for more error messages, and you
might try typing `S' now just to see what is salvageable.

! Missing $ inserted.
<inserted text> 
                $
l.8 ...rg \underset{u:u^T u=1}{\operatorname{min}}
                                                   \sum_{i=1}^n ( x^{(i)} - ...
I've inserted a begin-math/end-math symbol since I think
you left one out. Proceed, with fingers crossed.

! Extra }, or forgotten $.
\underset ...{\mathop {\kern \z@ #2}\limits _{#1}}
                                                  
l.8 ...rg \underset{u:u^T u=1}{\operatorname{min}}
                                                   \sum_{i=1}^n ( x^{(i)} - ...
I've deleted a group-closing symbol because it seems to be
spurious, as in `$x}$'. But perhaps the } is legitimate and
you forgot something else, as in `\hbox{$x}'. In such cases
the way to recover is to insert both the forgotten and the
deleted material, e.g., by typing `I$}'.

! Misplaced alignment tab character &.
\reserved@a ->&
                & &
l.9 &
     =& arg \underset{u:u^T u=1}{\operatorname{min}} \sum_{i=1}^n ( x^{(i) T...
I can't figure out why you would want to use a tab mark
here. If you just want an ampersand, the remedy is
simple: Just type `I\&' now. But if some right brace
up above has ended a previous alignment prematurely,
you're probably due for more error messages, and you
might try typing `S' now just to see what is salvageable.

! Misplaced alignment tab character &.
\reserved@a ->& &
                  &
l.9 &
     =& arg \underset{u:u^T u=1}{\operatorname{min}} \sum_{i=1}^n ( x^{(i) T...
I can't figure out why you would want to use a tab mark
here. If you just want an ampersand, the remedy is
simple: Just type `I\&' now. But if some right brace
up above has ended a previous alignment prematurely,
you're probably due for more error messages, and you
might try typing `S' now just to see what is salvageable.

! Misplaced alignment tab character &.
\reserved@a ->& & &
                   
l.9 &
     =& arg \underset{u:u^T u=1}{\operatorname{min}} \sum_{i=1}^n ( x^{(i) T...
I can't figure out why you would want to use a tab mark
here. If you just want an ampersand, the remedy is
simple: Just type `I\&' now. But if some right brace
up above has ended a previous alignment prematurely,
you're probably due for more error messages, and you
might try typing `S' now just to see what is salvageable.

! Misplaced \cr.
\@@eqncr ...l \@eqnswtrue \global \@eqcnt \z@ \cr 
                                                  
l.9 &
     =& arg \underset{u:u^T u=1}{\operatorname{min}} \sum_{i=1}^n ( x^{(i) T...
I can't figure out why you would want to use a tab mark
or \cr or \span just now. If something like a right brace
up above has ended a previous alignment prematurely,
you're probably due for more error messages, and you
might try typing `S' now just to see what is salvageable.

! Misplaced \noalign.
\@xeqncr [#1]->\ifnum 0=`{\fi }\@@eqncr \noalign 
                                                 {\penalty \@eqpen \vskip \j...
l.9 &
     =& arg \underset{u:u^T u=1}{\operatorname{min}} \sum_{i=1}^n ( x^{(i) T...
I expect to see \noalign only after the \cr of
an alignment. Proceed, and I'll ignore this case.

! Missing $ inserted.
<inserted text> 
                $
l.9 &
     =& arg \underset{u:u^T u=1}{\operatorname{min}} \sum_{i=1}^n ( x^{(i) T...
I've inserted a begin-math/end-math symbol since I think
you left one out. Proceed, with fingers crossed.

! Missing } inserted.
<inserted text> 
                }
l.9 &
     =& arg \underset{u:u^T u=1}{\operatorname{min}} \sum_{i=1}^n ( x^{(i) T...
I've inserted something that you may have forgotten.
(See the <inserted text> above.)
With luck, this will get me unwedged. But if you
really didn't forget anything, try typing `2' now; then
my insertion and my current dilemma will both disappear.

! Misplaced alignment tab character &.
<recently read> &
                 
l.9 &
     =& arg \underset{u:u^T u=1}{\operatorname{min}} \sum_{i=1}^n ( x^{(i) T...
I can't figure out why you would want to use a tab mark
here. If you just want an ampersand, the remedy is
simple: Just type `I\&' now. But if some right brace
up above has ended a previous alignment prematurely,
you're probably due for more error messages, and you
might try typing `S' now just to see what is salvageable.

! Misplaced alignment tab character &.
l.9 &=&
        arg \underset{u:u^T u=1}{\operatorname{min}} \sum_{i=1}^n ( x^{(i) T...
I can't figure out why you would want to use a tab mark
here. If you just want an ampersand, the remedy is
simple: Just type `I\&' now. But if some right brace
up above has ended a previous alignment prematurely,
you're probably due for more error messages, and you
might try typing `S' now just to see what is salvageable.

! Missing $ inserted.
<inserted text> 
                $
l.9 ...rg \underset{u:u^T u=1}{\operatorname{min}}
                                                   \sum_{i=1}^n ( x^{(i) T}x...
I've inserted a begin-math/end-math symbol since I think
you left one out. Proceed, with fingers crossed.

! Extra }, or forgotten $.
\underset ...{\mathop {\kern \z@ #2}\limits _{#1}}
                                                  
l.9 ...rg \underset{u:u^T u=1}{\operatorname{min}}
                                                   \sum_{i=1}^n ( x^{(i) T}x...
I've deleted a group-closing symbol because it seems to be
spurious, as in `$x}$'. But perhaps the } is legitimate and
you forgot something else, as in `\hbox{$x}'. In such cases
the way to recover is to insert both the forgotten and the
deleted material, e.g., by typing `I$}'.

! Double superscript.
l.9 ... - ( (u^T x^{(i)}) u )^T x^{(i)} - x^{(i)}^
                                                  T((u^T x^{(i)}) u) + (( u^...
I treat `x^1^2' essentially like `x^1{}^2'.

! Misplaced alignment tab character &.
\reserved@a ->&
                & &
l.10 &
      =& arg \underset{u:u^T u=1}{\operatorname{min}} \sum_{i=1}^n ( x^{(i) ...
I can't figure out why you would want to use a tab mark
here. If you just want an ampersand, the remedy is
simple: Just type `I\&' now. But if some right brace
up above has ended a previous alignment prematurely,
you're probably due for more error messages, and you
might try typing `S' now just to see what is salvageable.

! Misplaced alignment tab character &.
\reserved@a ->& &
                  &
l.10 &
      =& arg \underset{u:u^T u=1}{\operatorname{min}} \sum_{i=1}^n ( x^{(i) ...
I can't figure out why you would want to use a tab mark
here. If you just want an ampersand, the remedy is
simple: Just type `I\&' now. But if some right brace
up above has ended a previous alignment prematurely,
you're probably due for more error messages, and you
might try typing `S' now just to see what is salvageable.

! Misplaced alignment tab character &.
\reserved@a ->& & &
                   
l.10 &
      =& arg \underset{u:u^T u=1}{\operatorname{min}} \sum_{i=1}^n ( x^{(i) ...
I can't figure out why you would want to use a tab mark
here. If you just want an ampersand, the remedy is
simple: Just type `I\&' now. But if some right brace
up above has ended a previous alignment prematurely,
you're probably due for more error messages, and you
might try typing `S' now just to see what is salvageable.

! Misplaced \cr.
\@@eqncr ...l \@eqnswtrue \global \@eqcnt \z@ \cr 
                                                  
l.10 &
      =& arg \underset{u:u^T u=1}{\operatorname{min}} \sum_{i=1}^n ( x^{(i) ...
I can't figure out why you would want to use a tab mark
or \cr or \span just now. If something like a right brace
up above has ended a previous alignment prematurely,
you're probably due for more error messages, and you
might try typing `S' now just to see what is salvageable.

! Misplaced \noalign.
\@xeqncr [#1]->\ifnum 0=`{\fi }\@@eqncr \noalign 
                                                 {\penalty \@eqpen \vskip \j...
l.10 &
      =& arg \underset{u:u^T u=1}{\operatorname{min}} \sum_{i=1}^n ( x^{(i) ...
I expect to see \noalign only after the \cr of
an alignment. Proceed, and I'll ignore this case.

! Missing $ inserted.
<inserted text> 
                $
l.10 &
      =& arg \underset{u:u^T u=1}{\operatorname{min}} \sum_{i=1}^n ( x^{(i) ...
I've inserted a begin-math/end-math symbol since I think
you left one out. Proceed, with fingers crossed.

! Missing } inserted.
<inserted text> 
                }
l.10 &
      =& arg \underset{u:u^T u=1}{\operatorname{min}} \sum_{i=1}^n ( x^{(i) ...
I've inserted something that you may have forgotten.
(See the <inserted text> above.)
With luck, this will get me unwedged. But if you
really didn't forget anything, try typing `2' now; then
my insertion and my current dilemma will both disappear.

! Misplaced alignment tab character &.
<recently read> &
                 
l.10 &
      =& arg \underset{u:u^T u=1}{\operatorname{min}} \sum_{i=1}^n ( x^{(i) ...
I can't figure out why you would want to use a tab mark
here. If you just want an ampersand, the remedy is
simple: Just type `I\&' now. But if some right brace
up above has ended a previous alignment prematurely,
you're probably due for more error messages, and you
might try typing `S' now just to see what is salvageable.

! Misplaced alignment tab character &.
l.10 &=&
         arg \underset{u:u^T u=1}{\operatorname{min}} \sum_{i=1}^n ( x^{(i) ...
I can't figure out why you would want to use a tab mark
here. If you just want an ampersand, the remedy is
simple: Just type `I\&' now. But if some right brace
up above has ended a previous alignment prematurely,
you're probably due for more error messages, and you
might try typing `S' now just to see what is salvageable.

! Missing $ inserted.
<inserted text> 
                $
l.10 ...g \underset{u:u^T u=1}{\operatorname{min}}
                                                   \sum_{i=1}^n ( x^{(i) T}x...
I've inserted a begin-math/end-math symbol since I think
you left one out. Proceed, with fingers crossed.

! Extra }, or forgotten $.
\underset ...{\mathop {\kern \z@ #2}\limits _{#1}}
                                                  
l.10 ...g \underset{u:u^T u=1}{\operatorname{min}}
                                                   \sum_{i=1}^n ( x^{(i) T}x...
I've deleted a group-closing symbol because it seems to be
spurious, as in `$x}$'. But perhaps the } is legitimate and
you forgot something else, as in `\hbox{$x}'. In such cases
the way to recover is to insert both the forgotten and the
deleted material, e.g., by typing `I$}'.

! Misplaced alignment tab character &.
\reserved@a ->&
                & &
l.11 &
      =& arg \underset{u:u^T u=1}{\operatorname{min}} \sum_{i=1}^n ( x^{(i) ...
I can't figure out why you would want to use a tab mark
here. If you just want an ampersand, the remedy is
simple: Just type `I\&' now. But if some right brace
up above has ended a previous alignment prematurely,
you're probably due for more error messages, and you
might try typing `S' now just to see what is salvageable.

! Misplaced alignment tab character &.
\reserved@a ->& &
                  &
l.11 &
      =& arg \underset{u:u^T u=1}{\operatorname{min}} \sum_{i=1}^n ( x^{(i) ...
I can't figure out why you would want to use a tab mark
here. If you just want an ampersand, the remedy is
simple: Just type `I\&' now. But if some right brace
up above has ended a previous alignment prematurely,
you're probably due for more error messages, and you
might try typing `S' now just to see what is salvageable.

! Misplaced alignment tab character &.
\reserved@a ->& & &
                   
l.11 &
      =& arg \underset{u:u^T u=1}{\operatorname{min}} \sum_{i=1}^n ( x^{(i) ...
I can't figure out why you would want to use a tab mark
here. If you just want an ampersand, the remedy is
simple: Just type `I\&' now. But if some right brace
up above has ended a previous alignment prematurely,
you're probably due for more error messages, and you
might try typing `S' now just to see what is salvageable.

! Misplaced \cr.
\@@eqncr ...l \@eqnswtrue \global \@eqcnt \z@ \cr 
                                                  
l.11 &
      =& arg \underset{u:u^T u=1}{\operatorname{min}} \sum_{i=1}^n ( x^{(i) ...
I can't figure out why you would want to use a tab mark
or \cr or \span just now. If something like a right brace
up above has ended a previous alignment prematurely,
you're probably due for more error messages, and you
might try typing `S' now just to see what is salvageable.

! Misplaced \noalign.
\@xeqncr [#1]->\ifnum 0=`{\fi }\@@eqncr \noalign 
                                                 {\penalty \@eqpen \vskip \j...
l.11 &
      =& arg \underset{u:u^T u=1}{\operatorname{min}} \sum_{i=1}^n ( x^{(i) ...
I expect to see \noalign only after the \cr of
an alignment. Proceed, and I'll ignore this case.

! Missing $ inserted.
<inserted text> 
                $
l.11 &
      =& arg \underset{u:u^T u=1}{\operatorname{min}} \sum_{i=1}^n ( x^{(i) ...
I've inserted a begin-math/end-math symbol since I think
you left one out. Proceed, with fingers crossed.

! Missing } inserted.
<inserted text> 
                }
l.11 &
      =& arg \underset{u:u^T u=1}{\operatorname{min}} \sum_{i=1}^n ( x^{(i) ...
I've inserted something that you may have forgotten.
(See the <inserted text> above.)
With luck, this will get me unwedged. But if you
really didn't forget anything, try typing `2' now; then
my insertion and my current dilemma will both disappear.

! Misplaced alignment tab character &.
<recently read> &
                 
l.11 &
      =& arg \underset{u:u^T u=1}{\operatorname{min}} \sum_{i=1}^n ( x^{(i) ...
I can't figure out why you would want to use a tab mark
here. If you just want an ampersand, the remedy is
simple: Just type `I\&' now. But if some right brace
up above has ended a previous alignment prematurely,
you're probably due for more error messages, and you
might try typing `S' now just to see what is salvageable.

! Misplaced alignment tab character &.
l.11 &=&
         arg \underset{u:u^T u=1}{\operatorname{min}} \sum_{i=1}^n ( x^{(i) ...
I can't figure out why you would want to use a tab mark
here. If you just want an ampersand, the remedy is
simple: Just type `I\&' now. But if some right brace
up above has ended a previous alignment prematurely,
you're probably due for more error messages, and you
might try typing `S' now just to see what is salvageable.

! Missing $ inserted.
<inserted text> 
                $
l.11 ...g \underset{u:u^T u=1}{\operatorname{min}}
                                                   \sum_{i=1}^n ( x^{(i) T}x...
I've inserted a begin-math/end-math symbol since I think
you left one out. Proceed, with fingers crossed.

! Extra }, or forgotten $.
\underset ...{\mathop {\kern \z@ #2}\limits _{#1}}
                                                  
l.11 ...g \underset{u:u^T u=1}{\operatorname{min}}
                                                   \sum_{i=1}^n ( x^{(i) T}x...
I've deleted a group-closing symbol because it seems to be
spurious, as in `$x}$'. But perhaps the } is legitimate and
you forgot something else, as in `\hbox{$x}'. In such cases
the way to recover is to insert both the forgotten and the
deleted material, e.g., by typing `I$}'.

! Misplaced alignment tab character &.
\reserved@a ->&
                & &
l.12 &
      =& arg \underset{u:u^T u=1}{\operatorname{min}} \sum_{i=1}^n ( x^{(i) ...
I can't figure out why you would want to use a tab mark
here. If you just want an ampersand, the remedy is
simple: Just type `I\&' now. But if some right brace
up above has ended a previous alignment prematurely,
you're probably due for more error messages, and you
might try typing `S' now just to see what is salvageable.

! Misplaced alignment tab character &.
\reserved@a ->& &
                  &
l.12 &
      =& arg \underset{u:u^T u=1}{\operatorname{min}} \sum_{i=1}^n ( x^{(i) ...
I can't figure out why you would want to use a tab mark
here. If you just want an ampersand, the remedy is
simple: Just type `I\&' now. But if some right brace
up above has ended a previous alignment prematurely,
you're probably due for more error messages, and you
might try typing `S' now just to see what is salvageable.

! Misplaced alignment tab character &.
\reserved@a ->& & &
                   
l.12 &
      =& arg \underset{u:u^T u=1}{\operatorname{min}} \sum_{i=1}^n ( x^{(i) ...
I can't figure out why you would want to use a tab mark
here. If you just want an ampersand, the remedy is
simple: Just type `I\&' now. But if some right brace
up above has ended a previous alignment prematurely,
you're probably due for more error messages, and you
might try typing `S' now just to see what is salvageable.

! Misplaced \cr.
\@@eqncr ...l \@eqnswtrue \global \@eqcnt \z@ \cr 
                                                  
l.12 &
      =& arg \underset{u:u^T u=1}{\operatorname{min}} \sum_{i=1}^n ( x^{(i) ...
I can't figure out why you would want to use a tab mark
or \cr or \span just now. If something like a right brace
up above has ended a previous alignment prematurely,
you're probably due for more error messages, and you
might try typing `S' now just to see what is salvageable.

! Misplaced \noalign.
\@xeqncr [#1]->\ifnum 0=`{\fi }\@@eqncr \noalign 
                                                 {\penalty \@eqpen \vskip \j...
l.12 &
      =& arg \underset{u:u^T u=1}{\operatorname{min}} \sum_{i=1}^n ( x^{(i) ...
I expect to see \noalign only after the \cr of
an alignment. Proceed, and I'll ignore this case.

! Missing $ inserted.
<inserted text> 
                $
l.12 &
      =& arg \underset{u:u^T u=1}{\operatorname{min}} \sum_{i=1}^n ( x^{(i) ...
I've inserted a begin-math/end-math symbol since I think
you left one out. Proceed, with fingers crossed.

! Missing } inserted.
<inserted text> 
                }
l.12 &
      =& arg \underset{u:u^T u=1}{\operatorname{min}} \sum_{i=1}^n ( x^{(i) ...
I've inserted something that you may have forgotten.
(See the <inserted text> above.)
With luck, this will get me unwedged. But if you
really didn't forget anything, try typing `2' now; then
my insertion and my current dilemma will both disappear.

! Misplaced alignment tab character &.
<recently read> &
                 
l.12 &
      =& arg \underset{u:u^T u=1}{\operatorname{min}} \sum_{i=1}^n ( x^{(i) ...
I can't figure out why you would want to use a tab mark
here. If you just want an ampersand, the remedy is
simple: Just type `I\&' now. But if some right brace
up above has ended a previous alignment prematurely,
you're probably due for more error messages, and you
might try typing `S' now just to see what is salvageable.

! Misplaced alignment tab character &.
l.12 &=&
         arg \underset{u:u^T u=1}{\operatorname{min}} \sum_{i=1}^n ( x^{(i) ...
I can't figure out why you would want to use a tab mark
here. If you just want an ampersand, the remedy is
simple: Just type `I\&' now. But if some right brace
up above has ended a previous alignment prematurely,
you're probably due for more error messages, and you
might try typing `S' now just to see what is salvageable.

! Missing $ inserted.
<inserted text> 
                $
l.12 ...g \underset{u:u^T u=1}{\operatorname{min}}
                                                   \sum_{i=1}^n ( x^{(i) T}x...
I've inserted a begin-math/end-math symbol since I think
you left one out. Proceed, with fingers crossed.

! Extra }, or forgotten $.
\underset ...{\mathop {\kern \z@ #2}\limits _{#1}}
                                                  
l.12 ...g \underset{u:u^T u=1}{\operatorname{min}}
                                                   \sum_{i=1}^n ( x^{(i) T}x...
I've deleted a group-closing symbol because it seems to be
spurious, as in `$x}$'. But perhaps the } is legitimate and
you forgot something else, as in `\hbox{$x}'. In such cases
the way to recover is to insert both the forgotten and the
deleted material, e.g., by typing `I$}'.

! Misplaced alignment tab character &.
\reserved@a ->&
                & &
l.13 &
      =& arg \underset{u:u^T u=1}{\operatorname{max}} \sum_{i=1}^n ( x^{(i) ...
I can't figure out why you would want to use a tab mark
here. If you just want an ampersand, the remedy is
simple: Just type `I\&' now. But if some right brace
up above has ended a previous alignment prematurely,
you're probably due for more error messages, and you
might try typing `S' now just to see what is salvageable.

! Misplaced alignment tab character &.
\reserved@a ->& &
                  &
l.13 &
      =& arg \underset{u:u^T u=1}{\operatorname{max}} \sum_{i=1}^n ( x^{(i) ...
I can't figure out why you would want to use a tab mark
here. If you just want an ampersand, the remedy is
simple: Just type `I\&' now. But if some right brace
up above has ended a previous alignment prematurely,
you're probably due for more error messages, and you
might try typing `S' now just to see what is salvageable.

! Misplaced alignment tab character &.
\reserved@a ->& & &
                   
l.13 &
      =& arg \underset{u:u^T u=1}{\operatorname{max}} \sum_{i=1}^n ( x^{(i) ...
I can't figure out why you would want to use a tab mark
here. If you just want an ampersand, the remedy is
simple: Just type `I\&' now. But if some right brace
up above has ended a previous alignment prematurely,
you're probably due for more error messages, and you
might try typing `S' now just to see what is salvageable.

! Misplaced \cr.
\@@eqncr ...l \@eqnswtrue \global \@eqcnt \z@ \cr 
                                                  
l.13 &
      =& arg \underset{u:u^T u=1}{\operatorname{max}} \sum_{i=1}^n ( x^{(i) ...
I can't figure out why you would want to use a tab mark
or \cr or \span just now. If something like a right brace
up above has ended a previous alignment prematurely,
you're probably due for more error messages, and you
might try typing `S' now just to see what is salvageable.

! Misplaced \noalign.
\@xeqncr [#1]->\ifnum 0=`{\fi }\@@eqncr \noalign 
                                                 {\penalty \@eqpen \vskip \j...
l.13 &
      =& arg \underset{u:u^T u=1}{\operatorname{max}} \sum_{i=1}^n ( x^{(i) ...
I expect to see \noalign only after the \cr of
an alignment. Proceed, and I'll ignore this case.

! Missing $ inserted.
<inserted text> 
                $
l.13 &
      =& arg \underset{u:u^T u=1}{\operatorname{max}} \sum_{i=1}^n ( x^{(i) ...
I've inserted a begin-math/end-math symbol since I think
you left one out. Proceed, with fingers crossed.

! Missing } inserted.
<inserted text> 
                }
l.13 &
      =& arg \underset{u:u^T u=1}{\operatorname{max}} \sum_{i=1}^n ( x^{(i) ...
I've inserted something that you may have forgotten.
(See the <inserted text> above.)
With luck, this will get me unwedged. But if you
really didn't forget anything, try typing `2' now; then
my insertion and my current dilemma will both disappear.

! Misplaced alignment tab character &.
<recently read> &
                 
l.13 &
      =& arg \underset{u:u^T u=1}{\operatorname{max}} \sum_{i=1}^n ( x^{(i) ...
I can't figure out why you would want to use a tab mark
here. If you just want an ampersand, the remedy is
simple: Just type `I\&' now. But if some right brace
up above has ended a previous alignment prematurely,
you're probably due for more error messages, and you
might try typing `S' now just to see what is salvageable.

! Misplaced alignment tab character &.
l.13 &=&
         arg \underset{u:u^T u=1}{\operatorname{max}} \sum_{i=1}^n ( x^{(i) ...
I can't figure out why you would want to use a tab mark
here. If you just want an ampersand, the remedy is
simple: Just type `I\&' now. But if some right brace
up above has ended a previous alignment prematurely,
you're probably due for more error messages, and you
might try typing `S' now just to see what is salvageable.

! Missing $ inserted.
<inserted text> 
                $
l.13 ...g \underset{u:u^T u=1}{\operatorname{max}}
                                                   \sum_{i=1}^n ( x^{(i) T}x...
I've inserted a begin-math/end-math symbol since I think
you left one out. Proceed, with fingers crossed.

! Extra }, or forgotten $.
\underset ...{\mathop {\kern \z@ #2}\limits _{#1}}
                                                  
l.13 ...g \underset{u:u^T u=1}{\operatorname{max}}
                                                   \sum_{i=1}^n ( x^{(i) T}x...
I've deleted a group-closing symbol because it seems to be
spurious, as in `$x}$'. But perhaps the } is legitimate and
you forgot something else, as in `\hbox{$x}'. In such cases
the way to recover is to insert both the forgotten and the
deleted material, e.g., by typing `I$}'.

! Misplaced alignment tab character &.
\reserved@a ->&
                & &
l.14 &
      =& arg \underset{u:u^T u=1}{\operatorname{max}} u^T ( \sum_{i=1}^n  x^...
I can't figure out why you would want to use a tab mark
here. If you just want an ampersand, the remedy is
simple: Just type `I\&' now. But if some right brace
up above has ended a previous alignment prematurely,
you're probably due for more error messages, and you
might try typing `S' now just to see what is salvageable.

! Misplaced alignment tab character &.
\reserved@a ->& &
                  &
l.14 &
      =& arg \underset{u:u^T u=1}{\operatorname{max}} u^T ( \sum_{i=1}^n  x^...
I can't figure out why you would want to use a tab mark
here. If you just want an ampersand, the remedy is
simple: Just type `I\&' now. But if some right brace
up above has ended a previous alignment prematurely,
you're probably due for more error messages, and you
might try typing `S' now just to see what is salvageable.

! Misplaced alignment tab character &.
\reserved@a ->& & &
                   
l.14 &
      =& arg \underset{u:u^T u=1}{\operatorname{max}} u^T ( \sum_{i=1}^n  x^...
I can't figure out why you would want to use a tab mark
here. If you just want an ampersand, the remedy is
simple: Just type `I\&' now. But if some right brace
up above has ended a previous alignment prematurely,
you're probably due for more error messages, and you
might try typing `S' now just to see what is salvageable.

! Misplaced \cr.
\@@eqncr ...l \@eqnswtrue \global \@eqcnt \z@ \cr 
                                                  
l.14 &
      =& arg \underset{u:u^T u=1}{\operatorname{max}} u^T ( \sum_{i=1}^n  x^...
I can't figure out why you would want to use a tab mark
or \cr or \span just now. If something like a right brace
up above has ended a previous alignment prematurely,
you're probably due for more error messages, and you
might try typing `S' now just to see what is salvageable.

! Misplaced \noalign.
\@xeqncr [#1]->\ifnum 0=`{\fi }\@@eqncr \noalign 
                                                 {\penalty \@eqpen \vskip \j...
l.14 &
      =& arg \underset{u:u^T u=1}{\operatorname{max}} u^T ( \sum_{i=1}^n  x^...
I expect to see \noalign only after the \cr of
an alignment. Proceed, and I'll ignore this case.

! Missing $ inserted.
<inserted text> 
                $
l.14 &
      =& arg \underset{u:u^T u=1}{\operatorname{max}} u^T ( \sum_{i=1}^n  x^...
I've inserted a begin-math/end-math symbol since I think
you left one out. Proceed, with fingers crossed.

! Missing } inserted.
<inserted text> 
                }
l.14 &
      =& arg \underset{u:u^T u=1}{\operatorname{max}} u^T ( \sum_{i=1}^n  x^...
I've inserted something that you may have forgotten.
(See the <inserted text> above.)
With luck, this will get me unwedged. But if you
really didn't forget anything, try typing `2' now; then
my insertion and my current dilemma will both disappear.

! Misplaced alignment tab character &.
<recently read> &
                 
l.14 &
      =& arg \underset{u:u^T u=1}{\operatorname{max}} u^T ( \sum_{i=1}^n  x^...
I can't figure out why you would want to use a tab mark
here. If you just want an ampersand, the remedy is
simple: Just type `I\&' now. But if some right brace
up above has ended a previous alignment prematurely,
you're probably due for more error messages, and you
might try typing `S' now just to see what is salvageable.

! Misplaced alignment tab character &.
l.14 &=&
         arg \underset{u:u^T u=1}{\operatorname{max}} u^T ( \sum_{i=1}^n  x^...
I can't figure out why you would want to use a tab mark
here. If you just want an ampersand, the remedy is
simple: Just type `I\&' now. But if some right brace
up above has ended a previous alignment prematurely,
you're probably due for more error messages, and you
might try typing `S' now just to see what is salvageable.

! Missing $ inserted.
<inserted text> 
                $
l.14 ...g \underset{u:u^T u=1}{\operatorname{max}}
                                                   u^T ( \sum_{i=1}^n  x^{(i...
I've inserted a begin-math/end-math symbol since I think
you left one out. Proceed, with fingers crossed.

! Extra }, or forgotten $.
\underset ...{\mathop {\kern \z@ #2}\limits _{#1}}
                                                  
l.14 ...g \underset{u:u^T u=1}{\operatorname{max}}
                                                   u^T ( \sum_{i=1}^n  x^{(i...
I've deleted a group-closing symbol because it seems to be
spurious, as in `$x}$'. But perhaps the } is legitimate and
you forgot something else, as in `\hbox{$x}'. In such cases
the way to recover is to insert both the forgotten and the
deleted material, e.g., by typing `I$}'.

! Misplaced alignment tab character &.
\reserved@a ->&
                & &
l.15 
     
I can't figure out why you would want to use a tab mark
here. If you just want an ampersand, the remedy is
simple: Just type `I\&' now. But if some right brace
up above has ended a previous alignment prematurely,
you're probably due for more error messages, and you
might try typing `S' now just to see what is salvageable.

! Misplaced alignment tab character &.
\reserved@a ->& &
                  &
l.15 
     
I can't figure out why you would want to use a tab mark
here. If you just want an ampersand, the remedy is
simple: Just type `I\&' now. But if some right brace
up above has ended a previous alignment prematurely,
you're probably due for more error messages, and you
might try typing `S' now just to see what is salvageable.

! Misplaced alignment tab character &.
\reserved@a ->& & &
                   
l.15 
     
I can't figure out why you would want to use a tab mark
here. If you just want an ampersand, the remedy is
simple: Just type `I\&' now. But if some right brace
up above has ended a previous alignment prematurely,
you're probably due for more error messages, and you
might try typing `S' now just to see what is salvageable.

! Misplaced \cr.
\@@eqncr ...l \@eqnswtrue \global \@eqcnt \z@ \cr 
                                                  
l.15 
     
I can't figure out why you would want to use a tab mark
or \cr or \span just now. If something like a right brace
up above has ended a previous alignment prematurely,
you're probably due for more error messages, and you
might try typing `S' now just to see what is salvageable.

! Misplaced \noalign.
\@xeqncr [#1]->\ifnum 0=`{\fi }\@@eqncr \noalign 
                                                 {\penalty \@eqpen \vskip \j...
l.15 
     
I expect to see \noalign only after the \cr of
an alignment. Proceed, and I'll ignore this case.

! Missing $ inserted.
<inserted text> 
                $
l.15 
     
I've inserted a begin-math/end-math symbol since I think
you left one out. Proceed, with fingers crossed.

! Missing } inserted.
<inserted text> 
                }
l.15 
     
I've inserted something that you may have forgotten.
(See the <inserted text> above.)
With luck, this will get me unwedged. But if you
really didn't forget anything, try typing `2' now; then
my insertion and my current dilemma will both disappear.

! Misplaced alignment tab character &.
\reserved@a ->&
                & &
l.16 \end{eqnarray*}
                    
I can't figure out why you would want to use a tab mark
here. If you just want an ampersand, the remedy is
simple: Just type `I\&' now. But if some right brace
up above has ended a previous alignment prematurely,
you're probably due for more error messages, and you
might try typing `S' now just to see what is salvageable.

! Misplaced alignment tab character &.
\reserved@a ->& &
                  &
l.16 \end{eqnarray*}
                    
I can't figure out why you would want to use a tab mark
here. If you just want an ampersand, the remedy is
simple: Just type `I\&' now. But if some right brace
up above has ended a previous alignment prematurely,
you're probably due for more error messages, and you
might try typing `S' now just to see what is salvageable.

! Misplaced alignment tab character &.
\reserved@a ->& & &
                   
l.16 \end{eqnarray*}
                    
I can't figure out why you would want to use a tab mark
here. If you just want an ampersand, the remedy is
simple: Just type `I\&' now. But if some right brace
up above has ended a previous alignment prematurely,
you're probably due for more error messages, and you
might try typing `S' now just to see what is salvageable.

! Misplaced \cr.
\@@eqncr ...l \@eqnswtrue \global \@eqcnt \z@ \cr 
                                                  
l.16 \end{eqnarray*}
                    
I can't figure out why you would want to use a tab mark
or \cr or \span just now. If something like a right brace
up above has ended a previous alignment prematurely,
you're probably due for more error messages, and you
might try typing `S' now just to see what is salvageable.

! Extra }, or forgotten \endgroup.
\endeqnarray ->\@@eqncr \egroup 
                                \global \advance \c@equation \m@ne $$\@ignor...
l.16 \end{eqnarray*}
                    
I've deleted a group-closing symbol because it seems to be
spurious, as in `$x}$'. But perhaps the } is legitimate and
you forgot something else, as in `\hbox{$x}'. In such cases
the way to recover is to insert both the forgotten and the
deleted material, e.g., by typing `I$}'.

! Missing $ inserted.
<inserted text> 
                $
l.16 \end{eqnarray*}
                    
I've inserted something that you may have forgotten.
(See the <inserted text> above.)
With luck, this will get me unwedged. But if you
really didn't forget anything, try typing `2' now; then
my insertion and my current dilemma will both disappear.

! Display math should end with $$.
<to be read again> 
                   \endgroup 
l.16 \end{eqnarray*}
                    
The `$' that I just saw supposedly matches a previous `$$'.
So I shall assume that you typed `$$' both times.

)) [20

] (./ica/00-main.tex (./ica/01-gaussian.tex) (./ica/01-gaussian-sol.tex
! Double superscript.
l.12     2(w_1^T x^{(i)}) x^{(i)}^
                                  T \\
I treat `x^1^2' essentially like `x^1{}^2'.

! Double superscript.
l.14     2(w_d^T x^{(i)}) x^{(i)}^
                                  T \\
I treat `x^1^2' essentially like `x^1{}^2'.

! Double superscript.
l.17     w_1^T (x^{(i)} x^{(i)}^
                                T) \\
I treat `x^1^2' essentially like `x^1{}^2'.

! Double superscript.
l.19     w_d^T (x^{(i)} x^{(i)}^
                                T) \\
I treat `x^1^2' essentially like `x^1{}^2'.

! Double superscript.
l.21 &=& n W^{-T} - W \sum_{i=1}^n x^{(i)}x^{(i)}^
                                                  T \\
I treat `x^1^2' essentially like `x^1{}^2'.

[21

]) (./ica/02-laplace.tex
Overfull \hbox (0.81352pt too wide) in paragraph at lines 3--4
\OT1/cmr/m/n/10 dis-tri-bu-tion, i.e $\OML/cmm/m/it/10 s[] \OMS/cmsy/m/n/10 ^^X
 L\OT1/cmr/m/n/10 (0\OML/cmm/m/it/10 ; \OT1/cmr/m/n/10 1)$. The Laplace dis-tri
-bu-tion $\OMS/cmsy/m/n/10 L\OT1/cmr/m/n/10 (0\OML/cmm/m/it/10 ; \OT1/cmr/m/n/1
0 1)$ has PDF $\OML/cmm/m/it/10 f[]\OT1/cmr/m/n/10 (\OML/cmm/m/it/10 s\OT1/cmr/
m/n/10 ) = [] [] []$.
 []

) (./ica/02-laplace-sol.tex
! Extra alignment tab has been changed to \cr.
<template> \egroup \endtemplate 
                                
l.7 &&
      \hspace*{-63pt} \text{Taking derivative wrt w} \\
You have given more \span or & marks than there were
in the preamble to the \halign or \valign now in progress.
So I'll assume that you meant to type \cr instead.


! LaTeX Error: Too many columns in eqnarray environment.

See the LaTeX manual or LaTeX Companion for explanation.
Type  H <return>  for immediate help.
 ...                                              
                                                  
l.8 \frac
         {\partial\ell(W) }{\partial W} &=& W^{-T} - \begin{bmatrix}
Try typing  <return>  to proceed.
If that doesn't work, type  X <return>  to quit.

! Double superscript.
l.15      sign(w_1^T x^{(i)}) x^{(i)}^
                                      T  \\
I treat `x^1^2' essentially like `x^1{}^2'.

! Double superscript.
l.17      sign(w_d^T x^{(i)}) x^{(i)}^
                                      T \\
I treat `x^1^2' essentially like `x^1{}^2'.

! Double superscript.
l.23 \end{bmatrix} x^{(i)}^
                           T \\
I treat `x^1^2' essentially like `x^1{}^2'.

! Double superscript.
l.29 \end{bmatrix} x^{(i)}^
                           T  \right) \\
I treat `x^1^2' essentially like `x^1{}^2'.

[22]) (./ica/03-cocktail.tex) (./ica/03-cocktail-sol.tex)) [23] (./ps3-sol.aux)
 ) 
Here is how much of TeX's memory you used:
 16176 strings out of 492616
 307259 string characters out of 6129482
 354177 words of memory out of 5000000
 19631 multiletter control sequences out of 15000+600000
 12745 words of font info for 50 fonts, out of 8000000 for 9000
 1141 hyphenation exceptions out of 8191
 58i,14n,48p,869b,638s stack positions out of 5000i,500n,10000p,200000b,80000s
</usr/local/texlive/2019/texmf-dist/fonts/type1/public/amsfonts/cm/cmbx10.pfb
></usr/local/texlive/2019/texmf-dist/fonts/type1/public/amsfonts/cm/cmex10.pfb>
</usr/local/texlive/2019/texmf-dist/fonts/type1/public/amsfonts/cm/cmmi10.pfb><
/usr/local/texlive/2019/texmf-dist/fonts/type1/public/amsfonts/cm/cmmi5.pfb></u
sr/local/texlive/2019/texmf-dist/fonts/type1/public/amsfonts/cm/cmmi7.pfb></usr
/local/texlive/2019/texmf-dist/fonts/type1/public/amsfonts/cm/cmmi8.pfb></usr/l
ocal/texlive/2019/texmf-dist/fonts/type1/public/amsfonts/cm/cmr10.pfb></usr/loc
al/texlive/2019/texmf-dist/fonts/type1/public/amsfonts/cm/cmr17.pfb></usr/local
/texlive/2019/texmf-dist/fonts/type1/public/amsfonts/cm/cmr5.pfb></usr/local/te
xlive/2019/texmf-dist/fonts/type1/public/amsfonts/cm/cmr6.pfb></usr/local/texli
ve/2019/texmf-dist/fonts/type1/public/amsfonts/cm/cmr7.pfb></usr/local/texlive/
2019/texmf-dist/fonts/type1/public/amsfonts/cm/cmr8.pfb></usr/local/texlive/201
9/texmf-dist/fonts/type1/public/amsfonts/cm/cmsl10.pfb></usr/local/texlive/2019
/texmf-dist/fonts/type1/public/amsfonts/cm/cmss10.pfb></usr/local/texlive/2019/
texmf-dist/fonts/type1/public/amsfonts/cm/cmsy10.pfb></usr/local/texlive/2019/t
exmf-dist/fonts/type1/public/amsfonts/cm/cmsy5.pfb></usr/local/texlive/2019/tex
mf-dist/fonts/type1/public/amsfonts/cm/cmsy7.pfb></usr/local/texlive/2019/texmf
-dist/fonts/type1/public/amsfonts/cm/cmti10.pfb></usr/local/texlive/2019/texmf-
dist/fonts/type1/public/amsfonts/cm/cmtt10.pfb></usr/local/texlive/2019/texmf-d
ist/fonts/type1/public/amsfonts/cm/cmtt8.pfb></usr/local/texlive/2019/texmf-dis
t/fonts/type1/public/amsfonts/symbols/msbm10.pfb>
Output written on ps3-sol.pdf (23 pages, 1767614 bytes).
PDF statistics:
 410 PDF objects out of 1000 (max. 8388607)
 162 compressed objects within 2 object streams
 0 named destinations out of 1000 (max. 500000)
 63 words of extra memory for PDF output out of 10000 (max. 10000000)

